2023-07-04 09:30:35,069 [INFO] Activator:176 - 


2023-07-04 09:30:35,074 [INFO] Activator:177 - !SESSION log4j initialized
2023-07-04 09:30:41,969 [INFO] LogOutputStream:77 - [STDOUT_REDIRECT] 
2023-07-04 09:31:09,023 [ERROR] LogOutputStream:75 - [STDERR_REDIRECT] SLF4J: Failed to load class "org.slf4j.impl.StaticLoggerBinder".
2023-07-04 09:31:09,023 [ERROR] LogOutputStream:75 - [STDERR_REDIRECT] SLF4J: Defaulting to no-operation (NOP) logger implementation
2023-07-04 09:31:09,024 [ERROR] LogOutputStream:75 - [STDERR_REDIRECT] SLF4J: See http://www.slf4j.org/codes.html#StaticLoggerBinder for further details.
2023-07-04 11:02:14,440 [INFO] ApplicationProperties:184 - Using Application install path: /home/lucas/st/stm32cubeide_1.12.1/plugins/com.st.stm32cube.common.mx_6.8.1.202304191431
2023-07-04 11:02:14,506 [INFO] DbMcusXml:78 - Set database path to: /home/lucas/st/stm32cubeide_1.12.1/plugins/com.st.stm32cube.common.mx_6.8.1.202304191431//db//mcu/
2023-07-04 11:02:14,506 [INFO] ApiDb:274 - Set plugin database path to: /home/lucas/st/stm32cubeide_1.12.1/plugins/com.st.stm32cube.common.mx_6.8.1.202304191431//db//plugins/boardmanager/
2023-07-04 11:02:14,552 [WARN] ApiDb:259 - Overriding images path with different value:  => /home/lucas/st/stm32cubeide_1.12.1/plugins/com.st.stm32cube.common.mx_6.8.1.202304191431//db//plugins/mcufinder/images/
2023-07-04 11:02:14,649 [INFO] ApiDb:250 - Set database path to: /home/lucas/.stmcufinder/plugins/mcufinder//mcu/
2023-07-04 11:02:14,650 [INFO] DbMcusAds:125 - Set database path to: /home/lucas/.stmcufinder/plugins/mcufinder//mcu/
2023-07-04 11:02:19,758 [INFO] CrossReferenceDbSqlite:203 - Set database path to: /home/lucas/.stmcufinder/plugins/mcufinder//mcu/cs/
2023-07-04 11:02:20,043 [INFO] RulesReader:64 - Compatibility file has been processed (293 Rules)
2023-07-04 11:02:20,304 [INFO] DbMcusXml:78 - Set database path to: /home/lucas/st/stm32cubeide_1.12.1/plugins/com.st.stm32cube.common.mx_6.8.1.202304191431//db//mcu/
2023-07-04 11:02:20,304 [INFO] ApiDb:274 - Set plugin database path to: /home/lucas/st/stm32cubeide_1.12.1/plugins/com.st.stm32cube.common.mx_6.8.1.202304191431//db//plugins/boardmanager/
2023-07-04 11:02:20,304 [INFO] ApiDb:261 - Set plugin images path to: /home/lucas/st/stm32cubeide_1.12.1/plugins/com.st.stm32cube.common.mx_6.8.1.202304191431//db//plugins/mcufinder/images/
2023-07-04 11:02:20,304 [WARN] DbFile:41 - Overriding database path with different value: /home/lucas/.stmcufinder/plugins/mcufinder/ => /home/lucas/.stmcufinder/plugins/mcufinder
2023-07-04 11:02:20,305 [INFO] ApiDb:250 - Set database path to: /home/lucas/.stmcufinder/plugins/mcufinder//mcu/
2023-07-04 11:02:20,305 [WARN] DbFile:41 - Overriding database path with different value: /home/lucas/.stmcufinder/plugins/mcufinder/ => /home/lucas/.stmcufinder/plugins/mcufinder
2023-07-04 11:02:20,305 [INFO] DbMcusAds:125 - Set database path to: /home/lucas/.stmcufinder/plugins/mcufinder//mcu/
2023-07-04 11:02:20,305 [WARN] DbFile:41 - Overriding database path with different value: /home/lucas/.stmcufinder/plugins/mcufinder/ => /home/lucas/.stmcufinder/plugins/mcufinder
2023-07-04 11:02:20,305 [WARN] DbFile:41 - Overriding database path with different value: /home/lucas/.stmcufinder/plugins/mcufinder/ => /home/lucas/.stmcufinder/plugins/mcufinder
2023-07-04 11:02:20,305 [INFO] CrossReferenceDbSqlite:203 - Set database path to: /home/lucas/.stmcufinder/plugins/mcufinder//mcu/cs/
2023-07-04 11:02:20,424 [INFO] MainPanel:253 - HeapMemory: 488636416
2023-07-04 11:02:20,675 [INFO] DbMcusXml:78 - Set database path to: /home/lucas/st/stm32cubeide_1.12.1/plugins/com.st.stm32cube.common.mx_6.8.1.202304191431//db//mcu/
2023-07-04 11:02:20,675 [INFO] ApiDb:274 - Set plugin database path to: /home/lucas/st/stm32cubeide_1.12.1/plugins/com.st.stm32cube.common.mx_6.8.1.202304191431//db//plugins/boardmanager/
2023-07-04 11:02:20,675 [INFO] ApiDb:261 - Set plugin images path to: /home/lucas/st/stm32cubeide_1.12.1/plugins/com.st.stm32cube.common.mx_6.8.1.202304191431//db//plugins/mcufinder/images/
2023-07-04 11:02:20,676 [WARN] DbFile:41 - Overriding database path with different value: /home/lucas/.stmcufinder/plugins/mcufinder/ => /home/lucas/.stmcufinder/plugins/mcufinder
2023-07-04 11:02:20,676 [INFO] ApiDb:250 - Set database path to: /home/lucas/.stmcufinder/plugins/mcufinder//mcu/
2023-07-04 11:02:20,676 [WARN] DbFile:41 - Overriding database path with different value: /home/lucas/.stmcufinder/plugins/mcufinder/ => /home/lucas/.stmcufinder/plugins/mcufinder
2023-07-04 11:02:20,676 [INFO] DbMcusAds:125 - Set database path to: /home/lucas/.stmcufinder/plugins/mcufinder//mcu/
2023-07-04 11:02:20,676 [WARN] DbFile:41 - Overriding database path with different value: /home/lucas/.stmcufinder/plugins/mcufinder/ => /home/lucas/.stmcufinder/plugins/mcufinder
2023-07-04 11:02:20,676 [WARN] DbFile:41 - Overriding database path with different value: /home/lucas/.stmcufinder/plugins/mcufinder/ => /home/lucas/.stmcufinder/plugins/mcufinder
2023-07-04 11:02:20,676 [INFO] CrossReferenceDbSqlite:203 - Set database path to: /home/lucas/.stmcufinder/plugins/mcufinder//mcu/cs/
2023-07-04 11:02:20,691 [INFO] ApplicationProperties:184 - Using Application install path: /home/lucas/st/stm32cubeide_1.12.1/plugins/com.st.stm32cube.common.mx_6.8.1.202304191431
2023-07-04 11:02:20,692 [INFO] PluginManage:196 - Search for loadable plugins [exclusion list=, ]
2023-07-04 11:02:20,694 [INFO] PluginManage:310 - Check plugin analytics
2023-07-04 11:02:20,896 [INFO] AnalyticsPlugin:253 - Accepted Software Licenses: 
2023-07-04 11:02:20,896 [INFO] AnalyticsPlugin:255 - Accepted CMSIS Pack Licenses: 
2023-07-04 11:02:20,896 [INFO] AnalyticsPlugin:257 - Accepted Firmware Licenses: 
2023-07-04 11:02:20,901 [INFO] PluginManage:359 - Loaded plugin analytics (category:tool,tabindex:-1)
2023-07-04 11:02:20,901 [INFO] PluginManage:310 - Check plugin cadmodel
2023-07-04 11:02:21,310 [INFO] CADModel:105 - Init CAD model plugin
2023-07-04 11:02:21,311 [INFO] PluginManage:359 - Loaded plugin cadmodel (category:power,tabindex:5)
2023-07-04 11:02:21,311 [INFO] PluginManage:310 - Check plugin clock
2023-07-04 11:02:21,349 [INFO] PluginManage:359 - Loaded plugin clock (category:base,tabindex:2)
2023-07-04 11:02:21,350 [INFO] PluginManage:310 - Check plugin ddr
2023-07-04 11:02:21,361 [INFO] PluginManage:359 - Loaded plugin ddr (category:tool,tabindex:6)
2023-07-04 11:02:21,361 [INFO] PluginManage:310 - Check plugin filemanager
2023-07-04 11:02:21,632 [INFO] PluginManage:359 - Loaded plugin filemanager (category:base,tabindex:10)
2023-07-04 11:02:21,632 [INFO] PluginManage:310 - Check plugin ipmanager
2023-07-04 11:02:21,666 [INFO] PluginManage:359 - Loaded plugin ipmanager (category:base,tabindex:5)
2023-07-04 11:02:21,666 [INFO] PluginManage:310 - Check plugin lpbam
2023-07-04 11:02:21,675 [INFO] PluginManage:359 - Loaded plugin lpbam (category:base,tabindex:0)
2023-07-04 11:02:21,675 [INFO] PluginManage:310 - Check plugin pinoutandconfiguration
2023-07-04 11:02:21,683 [INFO] PluginManage:359 - Loaded plugin pinoutandconfiguration (category:base,tabindex:1)
2023-07-04 11:02:21,683 [INFO] PluginManage:310 - Check plugin pinoutconfig
2023-07-04 11:02:21,804 [WARN] SupportedApi:132 - Cannot load RTOS API schema: s4s-elt-must-match.1: The content of 'definitions' must match (annotation?, (simpleType | complexType)?, (unique | key | keyref)*)). A problem was found starting at: attribute.
2023-07-04 11:02:21,988 [INFO] PluginManage:359 - Loaded plugin pinoutconfig (category:base,tabindex:0)
2023-07-04 11:02:21,988 [INFO] PluginManage:310 - Check plugin power
2023-07-04 11:02:22,047 [INFO] PluginManage:359 - Loaded plugin power (category:power,tabindex:4)
2023-07-04 11:02:22,047 [INFO] PluginManage:310 - Check plugin projectmanager
2023-07-04 11:02:22,078 [INFO] PluginManage:359 - Loaded plugin projectmanager (category:projectmanager,tabindex:3)
2023-07-04 11:02:22,078 [INFO] PluginManage:310 - Check plugin thirdparty
2023-07-04 11:02:22,251 [INFO] PluginManage:359 - Loaded plugin thirdparty (category:base,tabindex:-1)
2023-07-04 11:02:22,251 [WARN] IntegrityCheckThread:84 - waiting for thirdparty lock release [integrity check]
2023-07-04 11:02:22,251 [INFO] IntegrityCheckThread:86 - entering critical section [integrity check]
2023-07-04 11:02:22,251 [INFO] PluginManage:310 - Check plugin tools
2023-07-04 11:02:22,253 [INFO] ThirdPartyUpdaterWithRetryManager:70 - Updater plugin not ready yet. [1/15]
2023-07-04 11:02:22,265 [INFO] PluginManage:359 - Loaded plugin tools (category:base,tabindex:7)
2023-07-04 11:02:22,265 [INFO] PluginManage:310 - Check plugin tutovideos
2023-07-04 11:02:22,506 [INFO] PluginManage:359 - Loaded plugin tutovideos (category:base,tabindex:-1)
2023-07-04 11:02:22,506 [INFO] PluginManage:310 - Check plugin updater
2023-07-04 11:02:22,549 [INFO] PluginManage:359 - Loaded plugin updater (category:base,tabindex:12)
2023-07-04 11:02:22,549 [INFO] PluginManage:283 - PluginManage : Loaded plugins [15]
2023-07-04 11:02:22,968 [INFO] PinOutPanel:1499 - setPackage(No Configuration,No Configuration)
2023-07-04 11:02:23,053 [INFO] CADModel:165 - CPN selected for project level
2023-07-04 11:02:23,053 [INFO] CADModel:114 - Register for checkConnection events
2023-07-04 11:02:23,076 [INFO] IPUIPlugin:80 - create IPUIPlugin
2023-07-04 11:02:23,076 [INFO] PluginManager:220 - loadIPPluginJar : add gpio
2023-07-04 11:02:23,096 [INFO] IPUIPlugin:80 - create IPUIPlugin
2023-07-04 11:02:23,096 [INFO] PluginManager:220 - loadIPPluginJar : add usbx
2023-07-04 11:02:23,105 [INFO] IPUIPlugin:80 - create IPUIPlugin
2023-07-04 11:02:23,105 [INFO] PluginManager:220 - loadIPPluginJar : add gfxmmu
2023-07-04 11:02:23,108 [INFO] IPUIPlugin:80 - create IPUIPlugin
2023-07-04 11:02:23,108 [INFO] PluginManager:220 - loadIPPluginJar : add i2c
2023-07-04 11:02:23,110 [INFO] IPUIPlugin:80 - create IPUIPlugin
2023-07-04 11:02:23,110 [INFO] PluginManager:220 - loadIPPluginJar : add spi
2023-07-04 11:02:23,112 [INFO] IPUIPlugin:80 - create IPUIPlugin
2023-07-04 11:02:23,112 [INFO] PluginManager:220 - loadIPPluginJar : add ucpd
2023-07-04 11:02:23,116 [INFO] IPUIPlugin:80 - create IPUIPlugin
2023-07-04 11:02:23,116 [INFO] PluginManager:220 - loadIPPluginJar : add opamp
2023-07-04 11:02:23,133 [INFO] IPUIPlugin:80 - create IPUIPlugin
2023-07-04 11:02:23,133 [INFO] PluginManager:220 - loadIPPluginJar : add dma
2023-07-04 11:02:23,139 [INFO] IPUIPlugin:80 - create IPUIPlugin
2023-07-04 11:02:23,139 [INFO] PluginManager:220 - loadIPPluginJar : add adc
2023-07-04 11:02:23,144 [INFO] IPUIPlugin:80 - create IPUIPlugin
2023-07-04 11:02:23,144 [INFO] PluginManager:220 - loadIPPluginJar : add stm32_wpan
2023-07-04 11:02:23,146 [INFO] IPUIPlugin:80 - create IPUIPlugin
2023-07-04 11:02:23,146 [INFO] PluginManager:220 - loadIPPluginJar : add touchsensing
2023-07-04 11:02:23,166 [INFO] IPUIPlugin:80 - create IPUIPlugin
2023-07-04 11:02:23,166 [INFO] PluginManager:220 - loadIPPluginJar : add gic
2023-07-04 11:02:23,168 [INFO] IPUIPlugin:80 - create IPUIPlugin
2023-07-04 11:02:23,168 [INFO] PluginManager:220 - loadIPPluginJar : add hash
2023-07-04 11:02:23,175 [INFO] IPUIPlugin:80 - create IPUIPlugin
2023-07-04 11:02:23,175 [INFO] PluginManager:220 - loadIPPluginJar : add linkedlist
2023-07-04 11:02:23,177 [INFO] IPUIPlugin:80 - create IPUIPlugin
2023-07-04 11:02:23,177 [INFO] PluginManager:220 - loadIPPluginJar : add ts
2023-07-04 11:02:23,179 [INFO] IPUIPlugin:80 - create IPUIPlugin
2023-07-04 11:02:23,179 [INFO] PluginManager:220 - loadIPPluginJar : add usart
2023-07-04 11:02:23,181 [INFO] IPUIPlugin:80 - create IPUIPlugin
2023-07-04 11:02:23,181 [INFO] PluginManager:220 - loadIPPluginJar : add quadspi
2023-07-04 11:02:23,183 [INFO] IPUIPlugin:80 - create IPUIPlugin
2023-07-04 11:02:23,183 [INFO] PluginManager:220 - loadIPPluginJar : add can
2023-07-04 11:02:23,194 [INFO] IPUIPlugin:80 - create IPUIPlugin
2023-07-04 11:02:23,194 [INFO] PluginManager:220 - loadIPPluginJar : add freertos
2023-07-04 11:02:23,197 [INFO] IPUIPlugin:80 - create IPUIPlugin
2023-07-04 11:02:23,197 [INFO] PluginManager:220 - loadIPPluginJar : add lorawan
2023-07-04 11:02:23,221 [INFO] IPUIPlugin:80 - create IPUIPlugin
2023-07-04 11:02:23,222 [INFO] PluginManager:220 - loadIPPluginJar : add mdma
2023-07-04 11:02:23,225 [INFO] IPUIPlugin:80 - create IPUIPlugin
2023-07-04 11:02:23,225 [INFO] PluginManager:220 - loadIPPluginJar : add sai
2023-07-04 11:02:23,226 [INFO] IPUIPlugin:80 - create IPUIPlugin
2023-07-04 11:02:23,226 [INFO] PluginManager:220 - loadIPPluginJar : add fatfs
2023-07-04 11:02:23,228 [INFO] IPUIPlugin:80 - create IPUIPlugin
2023-07-04 11:02:23,228 [INFO] PluginManager:220 - loadIPPluginJar : add comp
2023-07-04 11:02:23,231 [INFO] IPUIPlugin:80 - create IPUIPlugin
2023-07-04 11:02:23,231 [INFO] PluginManager:220 - loadIPPluginJar : add nvic
2023-07-04 11:02:23,237 [INFO] IPUIPlugin:80 - create IPUIPlugin
2023-07-04 11:02:23,240 [INFO] PluginManager:220 - loadIPPluginJar : add plateformsettings
2023-07-04 11:02:23,242 [INFO] IPUIPlugin:80 - create IPUIPlugin
2023-07-04 11:02:23,242 [INFO] PluginManager:220 - loadIPPluginJar : add cryp
2023-07-04 11:02:23,245 [INFO] IPUIPlugin:80 - create IPUIPlugin
2023-07-04 11:02:23,245 [INFO] PluginManager:220 - loadIPPluginJar : add i2s
2023-07-04 11:02:23,247 [INFO] IPUIPlugin:80 - create IPUIPlugin
2023-07-04 11:02:23,247 [INFO] PluginManager:220 - loadIPPluginJar : add tsc
2023-07-04 11:02:23,249 [INFO] IPUIPlugin:80 - create IPUIPlugin
2023-07-04 11:02:23,249 [INFO] PluginManager:220 - loadIPPluginJar : add openamp
2023-07-04 11:02:23,262 [INFO] IPUIPlugin:80 - create IPUIPlugin
2023-07-04 11:02:23,262 [INFO] PluginManager:220 - loadIPPluginJar : add resmgrutility
2023-07-04 11:02:23,265 [INFO] IPUIPlugin:80 - create IPUIPlugin
2023-07-04 11:02:23,265 [INFO] PluginManager:220 - loadIPPluginJar : add gtzc
2023-07-04 11:02:23,267 [INFO] IPUIPlugin:80 - create IPUIPlugin
2023-07-04 11:02:23,267 [INFO] PluginManager:220 - loadIPPluginJar : add i3c
2023-07-04 11:02:23,271 [INFO] IPUIPlugin:80 - create IPUIPlugin
2023-07-04 11:02:23,271 [INFO] PluginManager:220 - loadIPPluginJar : add ipddr
2023-07-04 11:02:23,273 [INFO] IPUIPlugin:80 - create IPUIPlugin
2023-07-04 11:02:23,273 [INFO] PluginManager:220 - loadIPPluginJar : add genericplugin
2023-07-04 11:02:23,274 [INFO] IPUIPlugin:80 - create IPUIPlugin
2023-07-04 11:02:23,274 [INFO] PluginManager:220 - loadIPPluginJar : add ltdc
2023-07-04 11:02:23,275 [INFO] IPUIPlugin:80 - create IPUIPlugin
2023-07-04 11:02:23,276 [INFO] PluginManager:220 - loadIPPluginJar : add tim
2023-07-04 11:02:23,278 [INFO] IPUIPlugin:80 - create IPUIPlugin
2023-07-04 11:02:23,278 [INFO] PluginManager:220 - loadIPPluginJar : add dfsdm
2023-07-04 11:02:23,280 [INFO] IPUIPlugin:80 - create IPUIPlugin
2023-07-04 11:02:23,280 [INFO] PluginManager:220 - loadIPPluginJar : add tracer_emb
2023-07-04 11:02:23,282 [INFO] IPUIPlugin:80 - create IPUIPlugin
2023-07-04 11:02:23,282 [INFO] PluginManager:220 - loadIPPluginJar : add dma3
2023-07-04 11:02:23,284 [INFO] IPUIPlugin:80 - create IPUIPlugin
2023-07-04 11:02:23,284 [INFO] PluginManager:220 - loadIPPluginJar : add pdm2pcm
2023-07-04 11:02:23,288 [INFO] IPUIPlugin:80 - create IPUIPlugin
2023-07-04 11:02:23,288 [INFO] PluginManager:220 - loadIPPluginJar : add fmc
2023-07-04 11:02:23,290 [INFO] IPUIPlugin:80 - create IPUIPlugin
2023-07-04 11:02:23,290 [INFO] PluginManager:220 - loadIPPluginJar : add aes
2023-07-04 11:02:23,392 [INFO] CADModel:165 - CPN selected for project level
2023-07-04 11:02:23,393 [INFO] CADModel:114 - Register for checkConnection events
2023-07-04 11:02:23,393 [FATAL] Updater:308 - Updater called before beeing initialized
2023-07-04 11:02:23,393 [ERROR] CADModel:125 - Updater not yet initialized, retry later 
2023-07-04 11:02:23,549 [INFO] CADModel:165 - CPN selected for project level
2023-07-04 11:02:23,549 [INFO] CADModel:114 - Register for checkConnection events
2023-07-04 11:02:23,549 [FATAL] Updater:308 - Updater called before beeing initialized
2023-07-04 11:02:23,549 [ERROR] CADModel:125 - Updater not yet initialized, retry later 
2023-07-04 11:02:23,552 [FATAL] Updater:308 - Updater called before beeing initialized
2023-07-04 11:02:23,621 [FATAL] Updater:308 - Updater called before beeing initialized
2023-07-04 11:02:23,636 [INFO] DbMcusAds:53 - JSON generation date=Tue Mar 07 09:50:55 CET 2023 (1678179055335)
2023-07-04 11:02:23,636 [FATAL] Updater:308 - Updater called before beeing initialized
2023-07-04 11:02:23,761 [WARN] DetailPanel:346 - Failed to get advertising image, set to default
2023-07-04 11:02:23,862 [FATAL] Updater:308 - Updater called before beeing initialized
2023-07-04 11:02:23,864 [FATAL] Updater:308 - Updater called before beeing initialized
2023-07-04 11:02:23,864 [FATAL] Updater:308 - Updater called before beeing initialized
2023-07-04 11:02:23,864 [WARN] DetailPanel:346 - Failed to get advertising image, set to default
2023-07-04 11:02:23,865 [FATAL] Updater:308 - Updater called before beeing initialized
2023-07-04 11:02:23,914 [ERROR] Updater:1120 - MainUpdater not yet initialized. External WinMGr cannot be set.
2023-07-04 11:02:23,916 [INFO] Updater:1056 - Updater Version found : 6.8.1
2023-07-04 11:02:23,935 [INFO] ApplicationProperties:184 - Using Application install path: /home/lucas/st/stm32cubeide_1.12.1/plugins/com.st.stm32cube.common.mx_6.8.1.202304191431
2023-07-04 11:02:24,152 [INFO] MainUpdater:2854 - connection check result : 10
2023-07-04 11:02:24,152 [INFO] MainUpdater:3548 - Updater definition file requires update
2023-07-04 11:02:24,153 [INFO] MainUpdater:283 - Updater Check For Update Now.
2023-07-04 11:02:24,154 [INFO] MicroXplorer:498 - Change Database Version : DB.6.0.81
2023-07-04 11:02:24,175 [INFO] ServerAccessManage:473 - Download File updaters.zip
2023-07-04 11:02:24,311 [INFO] FileExtend:240 - Unzip File : updaters.zip
2023-07-04 11:02:24,311 [INFO] FileExtend:255 - Standard Zip Deflate
2023-07-04 11:02:24,472 [INFO] ServerAccessManage:473 - Download File PacksControlFlags.xml
2023-07-04 11:02:24,550 [INFO] ServerAccessManage:473 - Download File cubemx.pidx
2023-07-04 11:02:24,650 [INFO] LoadServerUpdatesThread:373 - End of LoadServerUpdate Thread
2023-07-04 11:02:24,821 [INFO] CheckServerUpdateThread:120 - End of CheckServer Thread
2023-07-04 11:02:24,971 [INFO] MainUpdater:2854 - connection check result : 10
2023-07-04 11:02:24,972 [INFO] MainUpdater:2854 - connection check result : 10
2023-07-04 11:02:25,507 [INFO] MicroXplorer:468 - Change Database Path : 
2023-07-04 11:02:25,507 [INFO] MicroXplorer:498 - Change Database Version : DB.6.0.81
2023-07-04 11:02:25,508 [WARN] ThirdParty:871 - waiting for thirdparty lock release [close project]
2023-07-04 11:02:25,589 [WARN] PackLoader:240 - Cannot read IP mode file for STMicroelectronics.X-CUBE-GNSS1.6.0.0
2023-07-04 11:02:25,652 [WARN] PackLoader:240 - Cannot read IP mode file for STMicroelectronics.X-CUBE-AZRTOS-F4.1.1.0
2023-07-04 11:02:25,679 [WARN] PackLoader:240 - Cannot read IP mode file for STMicroelectronics.X-CUBE-SMBUS.2.1.0
2023-07-04 11:02:25,748 [WARN] PackLoader:240 - Cannot read IP mode file for STMicroelectronics.X-CUBE-AZRTOS-F7.1.1.0
2023-07-04 11:02:25,758 [WARN] PackLoader:240 - Cannot read IP mode file for STMicroelectronics.FP-SNS-MOTENV1.4.3.2
2023-07-04 11:02:25,812 [ERROR] RealEvaluatedCondition:428 - Found unsupported composite condition: CLASS='Data Exchange' GROUP='STM32_MetaDataManager'
2023-07-04 11:02:25,812 [ERROR] RealEvaluatedCondition:428 - Found unsupported composite condition: CLASS='Data Exchange' GROUP='STM32_MetaDataManager'
2023-07-04 11:02:25,814 [WARN] PackLoader:240 - Cannot read IP mode file for STMicroelectronics.FP-SNS-MOTENV1.4.3.1
2023-07-04 11:02:25,852 [WARN] PackLoader:240 - Cannot read IP mode file for STMicroelectronics.X-CUBE-BLE1.6.2.4
2023-07-04 11:02:25,864 [WARN] PackLoader:240 - Cannot read IP mode file for emotas.I-CUBE-CANOPEN.1.1.3
2023-07-04 11:02:25,881 [WARN] PackLoader:240 - Cannot read IP mode file for STMicroelectronics.X-CUBE-BLEMGR.2.0.0
2023-07-04 11:02:25,917 [WARN] ConditionMgr:438 - getConditionDescription Invalid condition id : UX DEVICE CLASS RTOS Condition cause : null
2023-07-04 11:02:25,918 [WARN] ConditionMgr:438 - getConditionDescription Invalid condition id : UX DEVICE CLASS RTOS Condition cause : null
2023-07-04 11:02:25,924 [WARN] PackLoader:240 - Cannot read IP mode file for STMicroelectronics.X-CUBE-AZRTOS-H7.3.1.0
2023-07-04 11:02:25,925 [WARN] ConditionMgr:1039 - genDependencies : Invalid condition id : UX DEVICE CLASS RTOS Condition cause : null
2023-07-04 11:02:25,926 [WARN] ConditionMgr:1039 - genDependencies : Invalid condition id : UX DEVICE CLASS RTOS Condition cause : null
2023-07-04 11:02:25,927 [WARN] ConditionMgr:1039 - genDependencies : Invalid condition id : UX DEVICE CLASS RTOS Condition cause : null
2023-07-04 11:02:25,928 [WARN] ConditionMgr:1039 - genDependencies : Invalid condition id : UX DEVICE CLASS RTOS Condition cause : null
2023-07-04 11:02:25,928 [WARN] ConditionMgr:1039 - genDependencies : Invalid condition id : UX DEVICE CLASS RTOS Condition cause : null
2023-07-04 11:02:25,951 [WARN] PackLoader:240 - Cannot read IP mode file for STMicroelectronics.X-CUBE-DISPLAY.3.0.0
2023-07-04 11:02:25,969 [WARN] PackLoader:240 - Cannot read IP mode file for STMicroelectronics.X-CUBE-TOUCHGFX.4.22.0
2023-07-04 11:02:25,974 [WARN] PackLoader:240 - Cannot read IP mode file for STMicroelectronics.X-CUBE-NFC7.1.0.1
2023-07-04 11:02:25,987 [WARN] PackLoader:240 - Cannot read IP mode file for STMicroelectronics.X-CUBE-NFC7.1.0.0
2023-07-04 11:02:25,992 [WARN] PackLoader:240 - Cannot read IP mode file for STMicroelectronics.X-CUBE-EEPRMA1.4.1.0
2023-07-04 11:02:26,018 [WARN] PackLoader:240 - Cannot read IP mode file for WES.I-CUBE-Cesium.1.3.0
2023-07-04 11:02:26,023 [WARN] PackLoader:240 - Cannot read IP mode file for STMicroelectronics.X-CUBE-SFXS2LP1.4.0.0
2023-07-04 11:02:26,027 [WARN] PackLoader:240 - Cannot read IP mode file for STMicroelectronics.X-CUBE-BLE2.3.3.0
2023-07-04 11:02:26,030 [WARN] PackLoader:240 - Cannot read IP mode file for STMicroelectronics.X-CUBE-ISPU.1.1.0
2023-07-04 11:02:26,040 [WARN] PackLoader:240 - Cannot read IP mode file for STMicroelectronics.X-CUBE-FREERTOS.1.0.1
2023-07-04 11:02:26,042 [WARN] PackLoader:240 - Cannot read IP mode file for STMicroelectronics.X-CUBE-TOUCHGFX.4.21.4
2023-07-04 11:02:26,045 [WARN] PackLoader:240 - Cannot read IP mode file for STMicroelectronics.X-CUBE-ALGOBUILD.1.3.0
2023-07-04 11:02:26,067 [WARN] PackLoader:240 - Cannot read IP mode file for STMicroelectronics.X-CUBE-AZRTOS-L5.1.1.0
2023-07-04 11:02:26,080 [WARN] PackLoader:240 - Cannot read IP mode file for STMicroelectronics.X-CUBE-AZRTOS-G0.1.1.0
2023-07-04 11:02:26,089 [WARN] PackLoader:240 - Cannot read IP mode file for STMicroelectronics.X-CUBE-SUBG2.5.0.0
2023-07-04 11:02:26,096 [WARN] PackLoader:240 - Cannot read IP mode file for STMicroelectronics.X-CUBE-NFC4.3.0.0
2023-07-04 11:02:26,104 [WARN] PackLoader:240 - Cannot read IP mode file for STMicroelectronics.X-CUBE-TOF1.3.3.0
2023-07-04 11:02:26,115 [WARN] PackLoader:240 - Cannot read IP mode file for STMicroelectronics.FP-ATR-SIGFOX1.3.2.0
2023-07-04 11:02:26,125 [WARN] PackLoader:240 - Cannot read IP mode file for portGmbH.I-Cube-SoM-uGOAL.1.1.0
2023-07-04 11:02:26,150 [WARN] PackLoader:240 - Cannot read IP mode file for STMicroelectronics.X-CUBE-ALS.1.0.1
2023-07-04 11:02:26,160 [WARN] PackLoader:240 - Cannot read IP mode file for STMicroelectronics.X-CUBE-AZRTOS-WB.1.1.0
2023-07-04 11:02:26,212 [WARN] PackLoader:240 - Cannot read IP mode file for SEGGER.I-CUBE-embOS.1.3.1
2023-07-04 11:02:26,249 [WARN] PackLoader:240 - Cannot read IP mode file for STMicroelectronics.FP-ATR-ASTRA1.2.0.0
2023-07-04 11:02:26,250 [INFO] ThirdParty:978 - Integrity check success = true
2023-07-04 11:02:26,250 [INFO] IntegrityCheckThread:100 - exiting critical section [integrity check]
2023-07-04 11:02:26,250 [INFO] IntegrityCheckThread:103 - End integrity checks thread
2023-07-04 11:02:26,250 [INFO] ThirdParty:873 - entering critical section [close project]
2023-07-04 11:02:26,251 [INFO] ThirdParty:883 - exiting critical section [close project]
2023-07-04 11:02:26,253 [INFO] PinOutPanel:1499 - setPackage(No Configuration,No Configuration)
2023-07-04 11:02:26,258 [INFO] UtilMem:75 - Begin LoadConfig() Used Memory: 223369544 Bytes (642777088)
2023-07-04 11:02:26,259 [INFO] MicroXplorer:468 - Change Database Path : 
2023-07-04 11:02:26,259 [INFO] MicroXplorer:498 - Change Database Version : DB.6.0.81
2023-07-04 11:02:26,259 [INFO] OpenFileManager:308 - Change cursor
2023-07-04 11:02:26,363 [INFO] Mcu:1937 - Initializing MCU STM32L432K(B-C)Ux STM32L432KCUx STM32L432KCU3
2023-07-04 11:02:28,355 [INFO] Context:659 - Trying to add GPIOservice into a context  which must be forbidden
2023-07-04 11:02:28,811 [INFO] RtosManager:555 - Registered RTOS mode: class=CMSIS, group=RTOS, mode=CMSIS_V1, owner=FREERTOS
2023-07-04 11:02:28,811 [INFO] RtosManager:555 - Registered RTOS mode: class=CMSIS, group=RTOS2, mode=CMSIS_V2, owner=FREERTOS
2023-07-04 11:02:28,812 [INFO] RtosManager:555 - Registered RTOS mode: class=RTOS, group=Core, mode=CMSIS_V1, owner=FREERTOS
2023-07-04 11:02:28,812 [INFO] RtosManager:555 - Registered RTOS mode: class=RTOS, group=Core, mode=CMSIS_V2, owner=FREERTOS
2023-07-04 11:02:28,812 [WARN] ModelIntegratedComponent:184 - Missing modes for component STMicroelectronics:FreeRTOS:0.0.1:STMicroelectronics:RTOS:FreeRTOS:Core:::10.2.0:
2023-07-04 11:02:28,825 [WARN] ModelIntegratedComponent:63 - No mode defined for component null
2023-07-04 11:02:28,825 [WARN] ModelIntegratedComponent:63 - No mode defined for component null
2023-07-04 11:02:28,825 [WARN] ModelIntegratedComponent:63 - No mode defined for component null
2023-07-04 11:02:28,825 [WARN] ModelIntegratedComponent:63 - No mode defined for component null
2023-07-04 11:02:28,825 [WARN] ModelIntegratedComponent:63 - No mode defined for component null
2023-07-04 11:02:28,825 [WARN] ModelIntegratedComponent:63 - No mode defined for component null
2023-07-04 11:02:28,825 [WARN] ModelIntegratedComponent:63 - No mode defined for component null
2023-07-04 11:02:28,825 [WARN] ModelIntegratedComponent:63 - No mode defined for component null
2023-07-04 11:02:28,825 [WARN] ModelIntegratedComponent:63 - No mode defined for component null
2023-07-04 11:02:28,825 [WARN] ModelIntegratedComponent:63 - No mode defined for component null
2023-07-04 11:02:28,826 [WARN] ModelIntegratedComponent:63 - No mode defined for component null
2023-07-04 11:02:28,826 [WARN] ModelIntegratedComponent:63 - No mode defined for component null
2023-07-04 11:02:28,826 [WARN] ModelIntegratedComponent:63 - No mode defined for component null
2023-07-04 11:02:28,826 [WARN] ModelIntegratedComponent:63 - No mode defined for component null
2023-07-04 11:02:28,826 [WARN] ModelIntegratedComponent:63 - No mode defined for component null
2023-07-04 11:02:28,826 [WARN] ModelIntegratedComponent:63 - No mode defined for component null
2023-07-04 11:02:28,826 [WARN] ModelIntegratedComponent:63 - No mode defined for component null
2023-07-04 11:02:28,826 [WARN] ModelIntegratedComponent:63 - No mode defined for component null
2023-07-04 11:02:28,826 [WARN] ModelIntegratedComponent:63 - No mode defined for component null
2023-07-04 11:02:28,826 [WARN] ModelIntegratedComponent:63 - No mode defined for component null
2023-07-04 11:02:28,826 [WARN] ModelIntegratedComponent:63 - No mode defined for component null
2023-07-04 11:02:28,826 [WARN] ModelIntegratedComponent:63 - No mode defined for component null
2023-07-04 11:02:28,826 [WARN] ModelIntegratedComponent:63 - No mode defined for component null
2023-07-04 11:02:28,826 [WARN] ModelIntegratedComponent:63 - No mode defined for component null
2023-07-04 11:02:28,826 [WARN] ModelIntegratedComponent:63 - No mode defined for component null
2023-07-04 11:02:28,826 [WARN] ModelIntegratedComponent:63 - No mode defined for component null
2023-07-04 11:02:28,826 [WARN] ModelIntegratedComponent:63 - No mode defined for component null
2023-07-04 11:02:28,826 [WARN] ModelIntegratedComponent:63 - No mode defined for component null
2023-07-04 11:02:28,826 [WARN] ModelIntegratedComponent:63 - No mode defined for component null
2023-07-04 11:02:28,827 [WARN] ModelIntegratedComponent:63 - No mode defined for component null
2023-07-04 11:02:28,827 [WARN] ModelIntegratedComponent:63 - No mode defined for component null
2023-07-04 11:02:28,827 [WARN] ModelIntegratedComponent:63 - No mode defined for component null
2023-07-04 11:02:28,827 [WARN] ModelIntegratedComponent:63 - No mode defined for component null
2023-07-04 11:02:28,840 [INFO] ThirdPartyModel:298 - Start build external matchings
2023-07-04 11:02:28,900 [INFO] ThirdPartyModel:316 - End build external matchings
2023-07-04 11:02:28,909 [INFO] ImportTextPane:194 - (OptionalMessage_ERROR) IP (RCC) : Invalid parameter (48CLKFreq_Value)
2023-07-04 11:02:28,909 [INFO] ImportTextPane:194 - (OptionalMessage_ERROR) IP (RCC) : Invalid parameter (FamilyName)
2023-07-04 11:02:28,910 [INFO] ImportTextPane:194 - (OptionalMessage_ERROR) IP (RCC) : Invalid parameter (HSI16_VALUE)
2023-07-04 11:02:28,910 [INFO] ImportTextPane:194 - (OptionalMessage_ERROR) IP (RCC) : Invalid parameter (LPTIMFreq_Value)
2023-07-04 11:02:28,910 [INFO] ImportTextPane:194 - (OptionalMessage_ERROR) IP (RCC) : Invalid parameter (LPUARTFreq_Value)
2023-07-04 11:02:28,910 [INFO] ImportTextPane:194 - (OptionalMessage_ERROR) IP (RCC) : Invalid parameter (MCOPinFreq_Value)
2023-07-04 11:02:28,910 [INFO] ImportTextPane:194 - (OptionalMessage_ERROR) IP (RCC) : Invalid parameter (PLLCLKFreq_Value)
2023-07-04 11:02:28,910 [INFO] ImportTextPane:194 - (OptionalMessage_ERROR) IP (RCC) : Invalid parameter (PLLMUL)
2023-07-04 11:02:28,911 [INFO] ImportTextPane:194 - (OptionalMessage_ERROR) IP (RCC) : Invalid parameter (RTCHSEDivFreq_Value)
2023-07-04 11:02:28,911 [INFO] ImportTextPane:194 - (OptionalMessage_ERROR) IP (RCC) : Invalid parameter (TIMFreq_Value)
2023-07-04 11:02:28,911 [INFO] ImportTextPane:194 - (OptionalMessage_ERROR) IP (RCC) : Invalid parameter (TimerFreq_Value)
2023-07-04 11:02:29,058 [INFO] UtilMem:75 - End LoadConfig() Used Memory: 213116000 Bytes (642777088)
2023-07-04 11:02:29,286 [INFO] ApiDb:581 - Connected to CubeFinder SQLite database (/home/lucas/.stmcufinder/plugins/mcufinder/mcu/cube-finder-db.db)
2023-07-04 11:02:29,467 [INFO] ApiDb:668 - CubeFinder database Data Model version=2.1
2023-07-04 11:02:29,468 [INFO] ApiDb:669 - CubeFinder database Configuration version=3.0.35
2023-07-04 11:02:29,468 [INFO] ApiDb:670 - CubeFinder database generation date=2023-05-12 (1683877179)
2023-07-04 11:02:29,468 [INFO] ApiDb:671 - CubeFinder database FW Pack versions=[FP-ATR-ASTRA1_V2.0.0, FP-SNS-FLIGHT1_V5.0.0, FP-SNS-MOTENV1_V4.3.0, STM32Cube_FW_C0_V1.0.1, STM32Cube_FW_F0_V1.11.4, STM32Cube_FW_F3_V1.11.4, STM32Cube_FW_F4_V1.27.1, STM32Cube_FW_F7_V1.17.0, STM32Cube_FW_G0_V1.6.1, STM32Cube_FW_G4_V1.5.1, STM32Cube_FW_H5_V0.5.1, STM32Cube_FW_H5_V1.0.0, STM32Cube_FW_H7_V1.11.0, STM32Cube_FW_L0_V1.12.2, STM32Cube_FW_L5_V1.5.0, STM32Cube_FW_U5_V1.2.0, STM32Cube_FW_WBA_V1.0.0, STM32Cube_FW_WBA_V1.0.0RC1, STM32Cube_FW_WBA_V1.0.0RC3, STM32Cube_FW_WB_V1.15.0RC1, STM32Cube_FW_WB_V1.16.0, STM32Cube_FW_WB_V1.16.0RC2, STM32Cube_FW_WL_V1.3.0, X-CUBE-ALGOBUILD_V1.3.0, X-CUBE-ALS_V1.0.1, X-CUBE-AZRTOS-F4_V1.1.0, X-CUBE-AZRTOS-F7_V1.1.0, X-CUBE-AZRTOS-G0_V1.1.0, X-CUBE-AZRTOS-G4_V2.0.0, X-CUBE-AZRTOS-H7_V3.1.0, X-CUBE-AZRTOS-L4_V1.0.0, X-CUBE-AZRTOS-L5_V1.1.0, X-CUBE-AZRTOS-WB_V1.1.0, X-CUBE-AZRTOS-WL_V1.0.0, X-CUBE-BLE1_V6.2.4, X-CUBE-BLE2_V3.3.0, X-CUBE-BLEMGR_V2.0.0, X-CUBE-EEPRMA1_V4.1.0, X-CUBE-FREERTOS_V1.0.1, X-CUBE-GNSS1_V6.0.0, X-CUBE-MEMS1_V9.1.0, X-CUBE-MEMS1_V9.4.0, X-CUBE-MEMS1_V9.6.0, X-CUBE-NFC4_V3.0.0, X-CUBE-NFC7_V1.0.0, X-CUBE-SFXS2LP1_V4.0.0, X-CUBE-SUBG2_V5.0.0]
2023-07-04 11:02:31,830 [INFO] ApiDb:240 - Found 297 in-development CPN: [B-G473E-ZEST1S, B-WB1M-WPAN1, B-WL5M-SUBG1, NUCLEO-C031C6, NUCLEO-H503RB, NUCLEO-H563ZI, NUCLEO-U545RE-Q, NUCLEO-U5A5ZJ-Q, NUCLEO-WBA52CG, STEVAL-PROTEUS1, STEVAL-STWINBX1, STM320518-EVAL, STM32C0116-DK, STM32C011D6Y3TR, STM32C011D6Y6TR, STM32C011F4P3, STM32C011F4P6, STM32C011F4U3, STM32C011F4U6TR, STM32C011F6P3, STM32C011F6P6, STM32C011F6U3, STM32C011F6U6TR, STM32C011J4M3, STM32C011J4M6, STM32C011J6M3, STM32C011J6M6, STM32C0316-DK, STM32C031C4T3, STM32C031C4T6, STM32C031C4U3, STM32C031C4U6, STM32C031C6T3, STM32C031C6T6, STM32C031C6U3, STM32C031C6U6, STM32C031F4P3, STM32C031F4P6, STM32C031F6P3, STM32C031F6P6, STM32C031G4U3, STM32C031G4U6, STM32C031G6U3, STM32C031G6U6, STM32C031K4T3, STM32C031K4T6, STM32C031K4U3, STM32C031K4U6, STM32C031K6T3, STM32C031K6T6, STM32C031K6U3, STM32C031K6U6, STM32G071K8TXN, STM32G071K8UXN, STM32G081GBU6N, STM32G081KBT6N, STM32G081KBUXN, STM32G0B1CCT6N, STM32G0B1KCT6, STM32G0B1NEY6TR, STM32G0B1RCT6N, STM32G0C1CCT6, STM32G0C1CCT6N, STM32G0C1CCU6N, STM32G0C1CET6N, STM32G0C1CEU6N, STM32G0C1KCT6, STM32G0C1NEY6TR, STM32G0C1RCI6N, STM32G0C1RCT6N, STM32G0C1REI6N, STM32G0C1RET6N, STM32G0C1VCI6, STM32G0C1VEI6, STM32G471CCT6, STM32G471CCU6, STM32G471CET3, STM32G471CET6, STM32G471CEU3, STM32G471CEU6, STM32G471MCT6, STM32G471MET3, STM32G471MET6, STM32G471MEY6TR, STM32G471QCT6, STM32G471QET3, STM32G471RCT6, STM32G471RET3, STM32G471RET6, STM32G471VCH6, STM32G471VCI6, STM32G471VCT6, STM32G471VEH3, STM32G471VEH6, STM32G471VEI3, STM32G471VEI6, STM32G471VET3, STM32G471VET6, STM32G474CCT6, STM32H503CBT6, STM32H503CBU6, STM32H503EBY6TR, STM32H503KBU6, STM32H503RBT6, STM32H562AGI6, STM32H562AII6, STM32H562IGK6, STM32H562IGT6, STM32H562IIK6, STM32H562IIT6, STM32H562RGT6, STM32H562RGV6, STM32H562RIT6, STM32H562RIV6, STM32H562VGT6, STM32H562VIT6, STM32H562ZGT6, STM32H562ZIT6, STM32H563AGI6, STM32H563AII3Q, STM32H563AII6, STM32H563IGK6, STM32H563IGT6, STM32H563IIK3Q, STM32H563IIK6, STM32H563IIT3Q, STM32H563IIT6, STM32H563MIY3QTR, STM32H563RGT6, STM32H563RGV6, STM32H563RIT6, STM32H563RIV6, STM32H563VGT6, STM32H563VIT3Q, STM32H563VIT6, STM32H563ZGT6, STM32H563ZIT3Q, STM32H563ZIT6, STM32H573AII3Q, STM32H573AII6, STM32H573I-DK, STM32H573IIK3Q, STM32H573IIK6, STM32H573IIT3Q, STM32H573IIT6, STM32H573MIY3QTR, STM32H573RIT6, STM32H573RIV6, STM32H573VIT3Q, STM32H573VIT6, STM32H573ZIT3Q, STM32H573ZIT6, STM32L4R5QGI6STR, STM32MP131AAE3, STM32MP131AAF3, STM32MP131AAG3, STM32MP131CAE3, STM32MP131CAF3, STM32MP131CAG3, STM32MP131DAE7, STM32MP131DAF7, STM32MP131DAG7, STM32MP131FAE7, STM32MP131FAF7, STM32MP131FAG7, STM32MP133AAE3, STM32MP133AAF3, STM32MP133AAG3, STM32MP133CAE3, STM32MP133CAF3, STM32MP133CAG3, STM32MP133DAE7, STM32MP133DAF7, STM32MP133DAG7, STM32MP133FAE7, STM32MP133FAF7, STM32MP133FAG7, STM32MP135AAE3, STM32MP135AAF3, STM32MP135AAG3, STM32MP135CAE3, STM32MP135CAF3, STM32MP135CAG3, STM32MP135DAE7, STM32MP135DAF7, STM32MP135DAG7, STM32MP135F-DK, STM32MP135FAE7, STM32MP135FAF7, STM32MP135FAF7T, STM32MP135FAF7U, STM32MP135FAG7, STM32U535CBT6, STM32U535CBT6Q, STM32U535CBU6, STM32U535CBU6Q, STM32U535CCT6, STM32U535CCT6Q, STM32U535CCU6, STM32U535CCU6Q, STM32U535CET6, STM32U535CET6Q, STM32U535CEU6, STM32U535CEU6Q, STM32U535JEY6QTR, STM32U535NCY6QTR, STM32U535NEY6QTR, STM32U535RBI6, STM32U535RBI6Q, STM32U535RBT6, STM32U535RBT6Q, STM32U535RCI6, STM32U535RCI6Q, STM32U535RCT6, STM32U535RCT6Q, STM32U535REI6, STM32U535REI6Q, STM32U535RET6, STM32U535RET6Q, STM32U535VCI6, STM32U535VCI6Q, STM32U535VCT6, STM32U535VCT6Q, STM32U535VEI6, STM32U535VEI6Q, STM32U535VET6, STM32U535VET6Q, STM32U545CET6, STM32U545CET6Q, STM32U545CEU6, STM32U545CEU6Q, STM32U545JEY6QTR, STM32U545NEY6QTR, STM32U545REI6, STM32U545REI6Q, STM32U545RET6, STM32U545RET6Q, STM32U545VEI6, STM32U545VEI6Q, STM32U545VET6, STM32U545VET6Q, STM32U595AIH6, STM32U595AIH6Q, STM32U595AJH6, STM32U595AJH6Q, STM32U595QII6, STM32U595QII6Q, STM32U595QJI6, STM32U595QJI6Q, STM32U595RIT6, STM32U595RIT6Q, STM32U595RJT6, STM32U595RJT6Q, STM32U595VIT6, STM32U595VIT6Q, STM32U595VJT6, STM32U595VJT6Q, STM32U595ZIT6, STM32U595ZIT6Q, STM32U595ZIY6QTR, STM32U595ZJT6, STM32U595ZJT6Q, STM32U595ZJY6QTR, STM32U599BJY6QTR, STM32U599NIH6Q, STM32U599NJH6Q, STM32U599VIT6Q, STM32U599VJT6, STM32U599VJT6Q, STM32U599ZIT6Q, STM32U599ZIY6QTR, STM32U599ZJT6Q, STM32U599ZJY6QTR, STM32U5A5AJH6, STM32U5A5AJH6Q, STM32U5A5QJI6, STM32U5A5QJI6Q, STM32U5A5RJT6, STM32U5A5RJT6Q, STM32U5A5VJT6, STM32U5A5VJT6Q, STM32U5A5ZJT6, STM32U5A5ZJT6Q, STM32U5A5ZJY6QTR, STM32U5A9BJY6QTR, STM32U5A9J-DK, STM32U5A9NJH6Q, STM32U5A9VJT6Q, STM32U5A9ZJT6Q, STM32U5A9ZJY6QTR, STM32WB1MMCH6, STM32WBA52CEU6, STM32WBA52CEU6T, STM32WBA52CGU6, STM32WBA52CGU6T, STM32WL5MOCH6, STM32WL5MOCH6TR]
2023-07-04 11:02:31,833 [INFO] DbMcus:216 - Found 3775 MCUs, 3775 are supported
2023-07-04 11:02:31,960 [INFO] ApiDb:423 - Load user favorites file /home/lucas/.stm32cubeide/favorites.mcus.txt: 0 item(s)
2023-07-04 11:02:31,960 [INFO] ApiDb:427 - User favorites MCUs=[]
2023-07-04 11:02:31,960 [INFO] DbMcus:222 - Set 0 / 0 favorites MCUs
2023-07-04 11:02:32,330 [WARN] ThirdParty:833 - waiting for thirdparty lock release [change project]
2023-07-04 11:02:32,330 [INFO] ThirdParty:835 - entering critical section [change project]
2023-07-04 11:02:32,330 [INFO] ThirdParty:1030 - CMSIS Pack Vendor :STMicroelectronics X-CUBE-ISPU 1.1.0
2023-07-04 11:02:32,330 [INFO] ThirdParty:1030 - CMSIS Pack Vendor :STMicroelectronics X-CUBE-GNSS1 6.0.0
2023-07-04 11:02:32,330 [INFO] ThirdParty:1030 - CMSIS Pack Vendor :STMicroelectronics USB_HOST 2.0.0
2023-07-04 11:02:32,330 [INFO] ThirdParty:1030 - CMSIS Pack Vendor :STMicroelectronics X-CUBE-AZRTOS-F4 1.1.0
2023-07-04 11:02:32,330 [INFO] ThirdParty:1030 - CMSIS Pack Vendor :STMicroelectronics LIBJPEG 8.0.0
2023-07-04 11:02:32,331 [INFO] ThirdParty:1030 - CMSIS Pack Vendor :STMicroelectronics X-CUBE-SMBUS 2.1.0
2023-07-04 11:02:32,331 [INFO] ThirdParty:1030 - CMSIS Pack Vendor :STMicroelectronics USB_DEVICE 3.0.0
2023-07-04 11:02:32,331 [INFO] ThirdParty:1030 - CMSIS Pack Vendor :STMicroelectronics X-CUBE-FREERTOS 1.0.1
2023-07-04 11:02:32,331 [INFO] ThirdParty:1030 - CMSIS Pack Vendor :STMicroelectronics X-CUBE-AZRTOS-F7 1.1.0
2023-07-04 11:02:32,331 [INFO] ThirdParty:1030 - CMSIS Pack Vendor :STMicroelectronics X-CUBE-TOUCHGFX 4.21.4
2023-07-04 11:02:32,331 [INFO] ThirdParty:1030 - CMSIS Pack Vendor :STMicroelectronics USB_DEVICE 2.0.0
2023-07-04 11:02:32,331 [INFO] ThirdParty:1030 - CMSIS Pack Vendor :STMicroelectronics FP-SNS-MOTENV1 4.3.2
2023-07-04 11:02:32,331 [INFO] ThirdParty:1030 - CMSIS Pack Vendor :STMicroelectronics FP-SNS-MOTENV1 4.3.1
2023-07-04 11:02:32,331 [INFO] ThirdParty:1030 - CMSIS Pack Vendor :STMicroelectronics X-CUBE-ALGOBUILD 1.3.0
2023-07-04 11:02:32,331 [INFO] ThirdParty:1030 - CMSIS Pack Vendor :STMicroelectronics X-CUBE-BLE1 6.2.4
2023-07-04 11:02:32,331 [INFO] ThirdParty:1030 - CMSIS Pack Vendor :STMicroelectronics X-CUBE-AZRTOS-L5 1.1.0
2023-07-04 11:02:32,331 [INFO] ThirdParty:1030 - CMSIS Pack Vendor :STMicroelectronics FreeRTOS 0.0.1
2023-07-04 11:02:32,331 [INFO] ThirdParty:1030 - CMSIS Pack Vendor :emotas I-CUBE-CANOPEN 1.1.3
2023-07-04 11:02:32,331 [INFO] ThirdParty:1030 - CMSIS Pack Vendor :STMicroelectronics X-CUBE-AZRTOS-G0 1.1.0
2023-07-04 11:02:32,331 [INFO] ThirdParty:1030 - CMSIS Pack Vendor :STMicroelectronics X-CUBE-BLEMGR 2.0.0
2023-07-04 11:02:32,331 [INFO] ThirdParty:1030 - CMSIS Pack Vendor :STMicroelectronics X-CUBE-SUBG2 5.0.0
2023-07-04 11:02:32,331 [INFO] ThirdParty:1030 - CMSIS Pack Vendor :STMicroelectronics X-CUBE-NFC4 3.0.0
2023-07-04 11:02:32,331 [INFO] ThirdParty:1030 - CMSIS Pack Vendor :STMicroelectronics STM32_WPAN 1.0.0
2023-07-04 11:02:32,331 [INFO] ThirdParty:1030 - CMSIS Pack Vendor :STMicroelectronics lwIP 2.0.3
2023-07-04 11:02:32,331 [INFO] ThirdParty:1030 - CMSIS Pack Vendor :STMicroelectronics USB_HOST 1.0.0
2023-07-04 11:02:32,331 [INFO] ThirdParty:1030 - CMSIS Pack Vendor :STMicroelectronics PDM2PCM 3.1.0
2023-07-04 11:02:32,331 [INFO] ThirdParty:1030 - CMSIS Pack Vendor :STMicroelectronics X-CUBE-AZRTOS-H7 3.1.0
2023-07-04 11:02:32,332 [INFO] ThirdParty:1030 - CMSIS Pack Vendor :STMicroelectronics X-CUBE-TOF1 3.3.0
2023-07-04 11:02:32,332 [INFO] ThirdParty:1030 - CMSIS Pack Vendor :STMicroelectronics PDM2PCM 3.3.0
2023-07-04 11:02:32,332 [INFO] ThirdParty:1030 - CMSIS Pack Vendor :STMicroelectronics X-CUBE-DISPLAY 3.0.0
2023-07-04 11:02:32,332 [INFO] ThirdParty:1030 - CMSIS Pack Vendor :STMicroelectronics FP-ATR-SIGFOX1 3.2.0
2023-07-04 11:02:32,332 [INFO] ThirdParty:1030 - CMSIS Pack Vendor :STMicroelectronics HAL Drivers 0.0.0
2023-07-04 11:02:32,332 [INFO] ThirdParty:1030 - CMSIS Pack Vendor :STMicroelectronics MBEDTLS 2.16.2
2023-07-04 11:02:32,332 [INFO] ThirdParty:1030 - CMSIS Pack Vendor :STMicroelectronics X-CUBE-TOUCHGFX 4.22.0
2023-07-04 11:02:32,332 [INFO] ThirdParty:1030 - CMSIS Pack Vendor :STMicroelectronics X-CUBE-NFC7 1.0.1
2023-07-04 11:02:32,332 [INFO] ThirdParty:1030 - CMSIS Pack Vendor :STMicroelectronics MBEDTLS 2.14.1
2023-07-04 11:02:32,332 [INFO] ThirdParty:1030 - CMSIS Pack Vendor :STMicroelectronics X-CUBE-NFC7 1.0.0
2023-07-04 11:02:32,332 [INFO] ThirdParty:1030 - CMSIS Pack Vendor :STMicroelectronics X-CUBE-EEPRMA1 4.1.0
2023-07-04 11:02:32,332 [INFO] ThirdParty:1030 - CMSIS Pack Vendor :portGmbH I-Cube-SoM-uGOAL 1.1.0
2023-07-04 11:02:32,332 [INFO] ThirdParty:1030 - CMSIS Pack Vendor :STMicroelectronics X-CUBE-ALS 1.0.1
2023-07-04 11:02:32,332 [INFO] ThirdParty:1030 - CMSIS Pack Vendor :STMicroelectronics ThreadX 1.0.0
2023-07-04 11:02:32,332 [INFO] ThirdParty:1030 - CMSIS Pack Vendor :STMicroelectronics X-CUBE-AZRTOS-WB 1.1.0
2023-07-04 11:02:32,332 [INFO] ThirdParty:1030 - CMSIS Pack Vendor :SEGGER I-CUBE-embOS 1.3.1
2023-07-04 11:02:32,332 [INFO] ThirdParty:1030 - CMSIS Pack Vendor :STMicroelectronics USB_DEVICE 1.0.0
2023-07-04 11:02:32,333 [INFO] ThirdParty:1030 - CMSIS Pack Vendor :STMicroelectronics ThreadX 0.0.2
2023-07-04 11:02:32,333 [INFO] ThirdParty:1030 - CMSIS Pack Vendor :WES I-CUBE-Cesium 1.3.0
2023-07-04 11:02:32,333 [INFO] ThirdParty:1030 - CMSIS Pack Vendor :STMicroelectronics FP-ATR-ASTRA1 2.0.0
2023-07-04 11:02:32,333 [INFO] ThirdParty:1030 - CMSIS Pack Vendor :STMicroelectronics lwIP 2.1.2
2023-07-04 11:02:32,333 [INFO] ThirdParty:1030 - CMSIS Pack Vendor :STMicroelectronics X-CUBE-SFXS2LP1 4.0.0
2023-07-04 11:02:32,333 [INFO] ThirdParty:1030 - CMSIS Pack Vendor :STMicroelectronics X-CUBE-BLE2 3.3.0
2023-07-04 11:02:32,333 [INFO] ThirdParty:1030 - CMSIS Pack Vendor :STMicroelectronics PDM2PCM 3.2.0
2023-07-04 11:02:32,333 [INFO] ThirdParty:841 - exiting critical section [change project]
2023-07-04 11:02:32,800 [INFO] PinOutPanel:1499 - setPackage(No Configuration,No Configuration)
2023-07-04 11:02:32,801 [INFO] PinOutPanel:1499 - setPackage(STM32L432KCUx,UFQFPN32)
2023-07-04 11:02:33,454 [INFO] UtilMem:75 - Before build in PCC Used Memory: 189463304 Bytes (642777088)
2023-07-04 11:02:34,476 [INFO] UtilMem:75 - After build in PCC Used Memory: 488829704 Bytes (642777088)
2023-07-04 11:02:34,495 [INFO] IPUIPlugin:80 - create IPUIPlugin
2023-07-04 11:02:34,495 [INFO] IPUIPlugin:80 - create IPUIPlugin
2023-07-04 11:02:34,496 [INFO] IPUIPlugin:80 - create IPUIPlugin
2023-07-04 11:02:34,496 [INFO] IPUIPlugin:80 - create IPUIPlugin
2023-07-04 11:02:34,496 [INFO] IPUIPlugin:80 - create IPUIPlugin
2023-07-04 11:02:34,496 [INFO] IPUIPlugin:80 - create IPUIPlugin
2023-07-04 11:02:34,496 [INFO] IPUIPlugin:80 - create IPUIPlugin
2023-07-04 11:02:34,496 [INFO] IPUIPlugin:80 - create IPUIPlugin
2023-07-04 11:02:34,496 [INFO] IPUIPlugin:80 - create IPUIPlugin
2023-07-04 11:02:34,496 [INFO] IPUIPlugin:80 - create IPUIPlugin
2023-07-04 11:02:34,497 [INFO] IPUIPlugin:80 - create IPUIPlugin
2023-07-04 11:02:34,497 [INFO] IPUIPlugin:80 - create IPUIPlugin
2023-07-04 11:02:34,497 [INFO] IPUIPlugin:80 - create IPUIPlugin
2023-07-04 11:02:34,497 [INFO] IPUIPlugin:80 - create IPUIPlugin
2023-07-04 11:02:34,497 [INFO] IPUIPlugin:80 - create IPUIPlugin
2023-07-04 11:02:34,497 [INFO] IPUIPlugin:80 - create IPUIPlugin
2023-07-04 11:02:34,497 [INFO] IPUIPlugin:80 - create IPUIPlugin
2023-07-04 11:02:34,497 [INFO] IPUIPlugin:80 - create IPUIPlugin
2023-07-04 11:02:34,498 [INFO] IPUIPlugin:80 - create IPUIPlugin
2023-07-04 11:02:34,498 [INFO] IPUIPlugin:80 - create IPUIPlugin
2023-07-04 11:02:34,498 [INFO] IPUIPlugin:80 - create IPUIPlugin
2023-07-04 11:02:34,498 [INFO] IPUIPlugin:80 - create IPUIPlugin
2023-07-04 11:02:34,498 [INFO] IPUIPlugin:80 - create IPUIPlugin
2023-07-04 11:02:34,498 [INFO] IPUIPlugin:80 - create IPUIPlugin
2023-07-04 11:02:34,498 [INFO] IPUIPlugin:80 - create IPUIPlugin
2023-07-04 11:02:34,499 [INFO] IPUIPlugin:80 - create IPUIPlugin
2023-07-04 11:02:34,499 [INFO] IPUIPlugin:80 - create IPUIPlugin
2023-07-04 11:02:34,499 [INFO] IPUIPlugin:80 - create IPUIPlugin
2023-07-04 11:02:34,499 [INFO] IPUIPlugin:80 - create IPUIPlugin
2023-07-04 11:02:34,499 [INFO] IPUIPlugin:80 - create IPUIPlugin
2023-07-04 11:02:34,499 [INFO] IPUIPlugin:80 - create IPUIPlugin
2023-07-04 11:02:34,500 [INFO] IPUIPlugin:80 - create IPUIPlugin
2023-07-04 11:02:34,500 [INFO] IPUIPlugin:80 - create IPUIPlugin
2023-07-04 11:02:34,500 [INFO] IPUIPlugin:80 - create IPUIPlugin
2023-07-04 11:02:34,500 [INFO] IPUIPlugin:80 - create IPUIPlugin
2023-07-04 11:02:34,500 [INFO] IPUIPlugin:80 - create IPUIPlugin
2023-07-04 11:02:34,500 [INFO] IPUIPlugin:80 - create IPUIPlugin
2023-07-04 11:02:34,500 [INFO] IPUIPlugin:80 - create IPUIPlugin
2023-07-04 11:02:34,501 [INFO] IPUIPlugin:80 - create IPUIPlugin
2023-07-04 11:02:34,501 [INFO] IPUIPlugin:80 - create IPUIPlugin
2023-07-04 11:02:34,501 [INFO] IPUIPlugin:80 - create IPUIPlugin
2023-07-04 11:02:34,755 [INFO] CADModel:165 - CPN selected for project levelSTM32L432KCU3
2023-07-04 11:02:34,755 [INFO] CADModel:114 - Register for checkConnection events
2023-07-04 11:02:34,796 [INFO] OpenFileManager:328 - Restore cursor
2023-07-04 11:09:16,014 [INFO] UtilMem:75 - End SaveConfig() Used Memory: 482350624 Bytes (642777088)
2023-07-04 11:09:17,544 [INFO] UtilMem:75 - End SaveConfig() Used Memory: 503844384 Bytes (642777088)
2023-07-04 11:09:22,978 [INFO] UtilMem:75 - End SaveConfig() Used Memory: 538447392 Bytes (642777088)
2023-07-04 11:09:23,891 [INFO] ProjectBuilder:2318 - IP not ready for code generation: USART2
2023-07-04 11:09:31,505 [INFO] BlockDiagram:2759 - set Specific Code input for plugin: NVIC
2023-07-04 11:09:31,505 [INFO] BlockDiagram:2759 - set Specific Code input for plugin: USART
2023-07-04 11:09:31,505 [INFO] BlockDiagram:2759 - set Specific Code input for plugin: SYS
2023-07-04 11:09:31,506 [INFO] BlockDiagram:2759 - set Specific Code input for plugin: GPIO
2023-07-04 11:09:31,506 [INFO] BlockDiagram:2759 - set Specific Code input for plugin: RCC
2023-07-04 11:09:31,533 [INFO] CodeGenerator:793 - code generatio: config db path: /home/lucas/st/stm32cubeide_1.12.1/plugins/com.st.stm32cube.common.mx_6.8.1.202304191431//db/
2023-07-04 11:09:31,833 [INFO] CodeEngine:255 - oldGeneratedFile, /home/lucas/Documents/stage/flatsat/Software/OBC_L432KC_Software/OBC_Software/MXTmpFiles/license.tmp_save
2023-07-04 11:09:32,274 [INFO] CodeEngine:279 - Generated code: /home/lucas/Documents/stage/flatsat/Software/OBC_L432KC_Software/OBC_Software/MXTmpFiles/license.tmp
2023-07-04 11:09:32,396 [INFO] CodeEngine:255 - oldGeneratedFile, /home/lucas/Documents/stage/flatsat/Software/OBC_L432KC_Software/OBC_Software/MXTmpFiles/gpio.tmp_save
2023-07-04 11:09:32,479 [INFO] CodeEngine:279 - Generated code: /home/lucas/Documents/stage/flatsat/Software/OBC_L432KC_Software/OBC_Software/MXTmpFiles/gpio.tmp
2023-07-04 11:09:32,753 [INFO] CodeEngine:255 - oldGeneratedFile, /home/lucas/Documents/stage/flatsat/Software/OBC_L432KC_Software/OBC_Software/Core/Src/stm32l4xx_it.c_save
2023-07-04 11:09:32,862 [INFO] CodeEngine:279 - Generated code: /home/lucas/Documents/stage/flatsat/Software/OBC_L432KC_Software/OBC_Software/Core/Src/stm32l4xx_it.c
2023-07-04 11:09:32,863 [INFO] CodeEngine:255 - oldGeneratedFile, /home/lucas/Documents/stage/flatsat/Software/OBC_L432KC_Software/OBC_Software/Core/Inc/stm32l4xx_it.h_save
2023-07-04 11:09:32,924 [INFO] CodeEngine:279 - Generated code: /home/lucas/Documents/stage/flatsat/Software/OBC_L432KC_Software/OBC_Software/Core/Inc/stm32l4xx_it.h
2023-07-04 11:09:32,943 [INFO] CodeEngine:255 - oldGeneratedFile, /home/lucas/Documents/stage/flatsat/Software/OBC_L432KC_Software/OBC_Software/Core/Src/stm32l4xx_hal_msp.c_save
2023-07-04 11:09:33,043 [INFO] CodeEngine:279 - Generated code: /home/lucas/Documents/stage/flatsat/Software/OBC_L432KC_Software/OBC_Software/Core/Src/stm32l4xx_hal_msp.c
2023-07-04 11:09:33,044 [INFO] CodeEngine:255 - oldGeneratedFile, /home/lucas/Documents/stage/flatsat/Software/OBC_L432KC_Software/OBC_Software/MXTmpFiles/system.tmp_save
2023-07-04 11:09:33,099 [INFO] CodeEngine:279 - Generated code: /home/lucas/Documents/stage/flatsat/Software/OBC_L432KC_Software/OBC_Software/MXTmpFiles/system.tmp
2023-07-04 11:09:33,102 [INFO] CodeEngine:311 - oldGeneratedFile, /home/lucas/Documents/stage/flatsat/Software/OBC_L432KC_Software/OBC_Software/Core/Inc/stm32l4xx_hal_conf.h_save
2023-07-04 11:09:33,165 [INFO] CodeEngine:335 - Generated code: /home/lucas/Documents/stage/flatsat/Software/OBC_L432KC_Software/OBC_Software/Core/Inc/stm32l4xx_hal_conf.h
2023-07-04 11:09:33,228 [INFO] CodeEngine:255 - oldGeneratedFile, /home/lucas/Documents/stage/flatsat/Software/OBC_L432KC_Software/OBC_Software/Core/Inc/main.h_save
2023-07-04 11:09:33,333 [INFO] CodeEngine:279 - Generated code: /home/lucas/Documents/stage/flatsat/Software/OBC_L432KC_Software/OBC_Software/Core/Inc/main.h
2023-07-04 11:09:33,341 [INFO] CodeEngine:255 - oldGeneratedFile, /home/lucas/Documents/stage/flatsat/Software/OBC_L432KC_Software/OBC_Software/Core/Src/main.c_save
2023-07-04 11:09:33,426 [INFO] CodeEngine:279 - Generated code: /home/lucas/Documents/stage/flatsat/Software/OBC_L432KC_Software/OBC_Software/Core/Src/main.c
2023-07-04 11:09:34,712 [INFO] ProjectBuilder:2996 - Time for Copy HAL[1] : 699mS.
2023-07-04 11:09:34,730 [INFO] ProjectBuilder:4304 - Project Generator version: 3.19.2
2023-07-04 11:09:35,134 [INFO] ConfigFileManager:1483 - The Die is : DIE435
2023-07-04 11:09:35,245 [INFO] ApiDbMcu:507 - Load IP Config File for FATFS
2023-07-04 11:09:35,287 [INFO] ApiDbMcu:507 - Load IP Config File for FREERTOS
2023-07-04 11:09:35,455 [INFO] ApiDbMcu:507 - Load IP Config File for TOUCHSENSING
2023-07-04 11:09:35,485 [INFO] ApiDbMcu:507 - Load IP Config File for USB_DEVICE
2023-07-04 11:09:36,849 [INFO] LogOutputStream:77 - [STDOUT_REDIRECT] 
2023-07-04 11:09:38,672 [INFO] ProjectBuilder:4505 - Time for Generating toolchain IDE Files: 3942mS.
2023-07-04 11:09:38,673 [INFO] ProjectBuilder:2867 - Time for Copy CMSIS : 0mS.
2023-07-04 11:09:38,674 [INFO] ProjectBuilder:2867 - Time for Copy CMSIS : 1mS.
2023-07-04 15:50:11,254 [INFO] MainUpdater:2854 - connection check result : 10
2023-07-04 15:50:11,295 [INFO] MainUpdater:2854 - connection check result : 10
2023-07-04 15:50:11,835 [INFO] MicroXplorer:468 - Change Database Path : 
2023-07-04 15:50:11,835 [INFO] MicroXplorer:498 - Change Database Version : DB.6.0.81
2023-07-04 15:50:11,965 [WARN] ThirdParty:871 - waiting for thirdparty lock release [close project]
2023-07-04 15:50:11,965 [INFO] ThirdParty:873 - entering critical section [close project]
2023-07-04 15:50:11,965 [INFO] ThirdParty:883 - exiting critical section [close project]
2023-07-04 15:50:11,967 [INFO] PinOutPanel:1499 - setPackage(No Configuration,No Configuration)
2023-07-04 15:50:12,092 [INFO] UtilMem:75 - Begin LoadConfig() Used Memory: 563070152 Bytes (677380096)
2023-07-04 15:50:12,092 [INFO] MicroXplorer:468 - Change Database Path : 
2023-07-04 15:50:12,092 [INFO] MicroXplorer:498 - Change Database Version : DB.6.0.81
2023-07-04 15:50:12,092 [INFO] OpenFileManager:308 - Change cursor
2023-07-04 15:50:12,237 [INFO] RulesReader:64 - Compatibility file has been processed (293 Rules)
2023-07-04 15:50:12,321 [INFO] Mcu:1937 - Initializing MCU STM32L432K(B-C)Ux STM32L432KCUx STM32L432KCU3
2023-07-04 15:50:14,027 [INFO] Context:659 - Trying to add GPIOservice into a context  which must be forbidden
2023-07-04 15:50:14,428 [INFO] RtosManager:555 - Registered RTOS mode: class=CMSIS, group=RTOS, mode=CMSIS_V1, owner=FREERTOS
2023-07-04 15:50:14,428 [INFO] RtosManager:555 - Registered RTOS mode: class=CMSIS, group=RTOS2, mode=CMSIS_V2, owner=FREERTOS
2023-07-04 15:50:14,428 [INFO] RtosManager:555 - Registered RTOS mode: class=RTOS, group=Core, mode=CMSIS_V1, owner=FREERTOS
2023-07-04 15:50:14,428 [INFO] RtosManager:555 - Registered RTOS mode: class=RTOS, group=Core, mode=CMSIS_V2, owner=FREERTOS
2023-07-04 15:50:14,428 [WARN] ModelIntegratedComponent:184 - Missing modes for component STMicroelectronics:FreeRTOS:0.0.1:STMicroelectronics:RTOS:FreeRTOS:Core:::10.2.0:
2023-07-04 15:50:14,435 [WARN] ModelIntegratedComponent:63 - No mode defined for component null
2023-07-04 15:50:14,435 [WARN] ModelIntegratedComponent:63 - No mode defined for component null
2023-07-04 15:50:14,435 [WARN] ModelIntegratedComponent:63 - No mode defined for component null
2023-07-04 15:50:14,435 [WARN] ModelIntegratedComponent:63 - No mode defined for component null
2023-07-04 15:50:14,435 [WARN] ModelIntegratedComponent:63 - No mode defined for component null
2023-07-04 15:50:14,435 [WARN] ModelIntegratedComponent:63 - No mode defined for component null
2023-07-04 15:50:14,435 [WARN] ModelIntegratedComponent:63 - No mode defined for component null
2023-07-04 15:50:14,435 [WARN] ModelIntegratedComponent:63 - No mode defined for component null
2023-07-04 15:50:14,435 [WARN] ModelIntegratedComponent:63 - No mode defined for component null
2023-07-04 15:50:14,435 [WARN] ModelIntegratedComponent:63 - No mode defined for component null
2023-07-04 15:50:14,435 [WARN] ModelIntegratedComponent:63 - No mode defined for component null
2023-07-04 15:50:14,435 [WARN] ModelIntegratedComponent:63 - No mode defined for component null
2023-07-04 15:50:14,435 [WARN] ModelIntegratedComponent:63 - No mode defined for component null
2023-07-04 15:50:14,436 [WARN] ModelIntegratedComponent:63 - No mode defined for component null
2023-07-04 15:50:14,436 [WARN] ModelIntegratedComponent:63 - No mode defined for component null
2023-07-04 15:50:14,436 [WARN] ModelIntegratedComponent:63 - No mode defined for component null
2023-07-04 15:50:14,436 [WARN] ModelIntegratedComponent:63 - No mode defined for component null
2023-07-04 15:50:14,436 [WARN] ModelIntegratedComponent:63 - No mode defined for component null
2023-07-04 15:50:14,436 [WARN] ModelIntegratedComponent:63 - No mode defined for component null
2023-07-04 15:50:14,436 [WARN] ModelIntegratedComponent:63 - No mode defined for component null
2023-07-04 15:50:14,436 [WARN] ModelIntegratedComponent:63 - No mode defined for component null
2023-07-04 15:50:14,436 [WARN] ModelIntegratedComponent:63 - No mode defined for component null
2023-07-04 15:50:14,436 [WARN] ModelIntegratedComponent:63 - No mode defined for component null
2023-07-04 15:50:14,436 [WARN] ModelIntegratedComponent:63 - No mode defined for component null
2023-07-04 15:50:14,436 [WARN] ModelIntegratedComponent:63 - No mode defined for component null
2023-07-04 15:50:14,436 [WARN] ModelIntegratedComponent:63 - No mode defined for component null
2023-07-04 15:50:14,436 [WARN] ModelIntegratedComponent:63 - No mode defined for component null
2023-07-04 15:50:14,436 [WARN] ModelIntegratedComponent:63 - No mode defined for component null
2023-07-04 15:50:14,436 [WARN] ModelIntegratedComponent:63 - No mode defined for component null
2023-07-04 15:50:14,436 [WARN] ModelIntegratedComponent:63 - No mode defined for component null
2023-07-04 15:50:14,436 [WARN] ModelIntegratedComponent:63 - No mode defined for component null
2023-07-04 15:50:14,436 [WARN] ModelIntegratedComponent:63 - No mode defined for component null
2023-07-04 15:50:14,436 [WARN] ModelIntegratedComponent:63 - No mode defined for component null
2023-07-04 15:50:14,456 [INFO] ThirdPartyModel:298 - Start build external matchings
2023-07-04 15:50:14,497 [INFO] ThirdPartyModel:316 - End build external matchings
2023-07-04 15:50:14,501 [INFO] ImportTextPane:194 - (OptionalMessage_ERROR) IP (RCC) : Invalid parameter (48CLKFreq_Value)
2023-07-04 15:50:14,501 [INFO] ImportTextPane:194 - (OptionalMessage_ERROR) IP (RCC) : Invalid parameter (FamilyName)
2023-07-04 15:50:14,501 [INFO] ImportTextPane:194 - (OptionalMessage_ERROR) IP (RCC) : Invalid parameter (HSI16_VALUE)
2023-07-04 15:50:14,501 [INFO] ImportTextPane:194 - (OptionalMessage_ERROR) IP (RCC) : Invalid parameter (LPTIMFreq_Value)
2023-07-04 15:50:14,501 [INFO] ImportTextPane:194 - (OptionalMessage_ERROR) IP (RCC) : Invalid parameter (LPUARTFreq_Value)
2023-07-04 15:50:14,501 [INFO] ImportTextPane:194 - (OptionalMessage_ERROR) IP (RCC) : Invalid parameter (MCOPinFreq_Value)
2023-07-04 15:50:14,501 [INFO] ImportTextPane:194 - (OptionalMessage_ERROR) IP (RCC) : Invalid parameter (PLLCLKFreq_Value)
2023-07-04 15:50:14,501 [INFO] ImportTextPane:194 - (OptionalMessage_ERROR) IP (RCC) : Invalid parameter (PLLMUL)
2023-07-04 15:50:14,502 [INFO] ImportTextPane:194 - (OptionalMessage_ERROR) IP (RCC) : Invalid parameter (RTCHSEDivFreq_Value)
2023-07-04 15:50:14,502 [INFO] ImportTextPane:194 - (OptionalMessage_ERROR) IP (RCC) : Invalid parameter (TIMFreq_Value)
2023-07-04 15:50:14,502 [INFO] ImportTextPane:194 - (OptionalMessage_ERROR) IP (RCC) : Invalid parameter (TimerFreq_Value)
2023-07-04 15:50:14,678 [INFO] UtilMem:75 - End LoadConfig() Used Memory: 594443328 Bytes (677380096)
2023-07-04 15:50:14,808 [WARN] ThirdParty:833 - waiting for thirdparty lock release [change project]
2023-07-04 15:50:14,854 [INFO] ThirdParty:835 - entering critical section [change project]
2023-07-04 15:50:14,854 [INFO] ThirdParty:1030 - CMSIS Pack Vendor :STMicroelectronics X-CUBE-ISPU 1.1.0
2023-07-04 15:50:14,854 [INFO] ThirdParty:1030 - CMSIS Pack Vendor :STMicroelectronics X-CUBE-GNSS1 6.0.0
2023-07-04 15:50:14,854 [INFO] ThirdParty:1030 - CMSIS Pack Vendor :STMicroelectronics USB_HOST 2.0.0
2023-07-04 15:50:14,854 [INFO] ThirdParty:1030 - CMSIS Pack Vendor :STMicroelectronics X-CUBE-AZRTOS-F4 1.1.0
2023-07-04 15:50:14,854 [INFO] ThirdParty:1030 - CMSIS Pack Vendor :STMicroelectronics LIBJPEG 8.0.0
2023-07-04 15:50:14,854 [INFO] ThirdParty:1030 - CMSIS Pack Vendor :STMicroelectronics X-CUBE-SMBUS 2.1.0
2023-07-04 15:50:14,854 [INFO] ThirdParty:1030 - CMSIS Pack Vendor :STMicroelectronics USB_DEVICE 3.0.0
2023-07-04 15:50:14,854 [INFO] ThirdParty:1030 - CMSIS Pack Vendor :STMicroelectronics X-CUBE-FREERTOS 1.0.1
2023-07-04 15:50:14,855 [INFO] ThirdParty:1030 - CMSIS Pack Vendor :STMicroelectronics X-CUBE-AZRTOS-F7 1.1.0
2023-07-04 15:50:14,855 [INFO] ThirdParty:1030 - CMSIS Pack Vendor :STMicroelectronics X-CUBE-TOUCHGFX 4.21.4
2023-07-04 15:50:14,855 [INFO] ThirdParty:1030 - CMSIS Pack Vendor :STMicroelectronics USB_DEVICE 2.0.0
2023-07-04 15:50:14,855 [INFO] ThirdParty:1030 - CMSIS Pack Vendor :STMicroelectronics FP-SNS-MOTENV1 4.3.2
2023-07-04 15:50:14,855 [INFO] ThirdParty:1030 - CMSIS Pack Vendor :STMicroelectronics FP-SNS-MOTENV1 4.3.1
2023-07-04 15:50:14,855 [INFO] ThirdParty:1030 - CMSIS Pack Vendor :STMicroelectronics X-CUBE-ALGOBUILD 1.3.0
2023-07-04 15:50:14,855 [INFO] ThirdParty:1030 - CMSIS Pack Vendor :STMicroelectronics X-CUBE-BLE1 6.2.4
2023-07-04 15:50:14,855 [INFO] ThirdParty:1030 - CMSIS Pack Vendor :STMicroelectronics X-CUBE-AZRTOS-L5 1.1.0
2023-07-04 15:50:14,855 [INFO] ThirdParty:1030 - CMSIS Pack Vendor :STMicroelectronics FreeRTOS 0.0.1
2023-07-04 15:50:14,855 [INFO] ThirdParty:1030 - CMSIS Pack Vendor :emotas I-CUBE-CANOPEN 1.1.3
2023-07-04 15:50:14,855 [INFO] ThirdParty:1030 - CMSIS Pack Vendor :STMicroelectronics X-CUBE-AZRTOS-G0 1.1.0
2023-07-04 15:50:14,855 [INFO] ThirdParty:1030 - CMSIS Pack Vendor :STMicroelectronics X-CUBE-BLEMGR 2.0.0
2023-07-04 15:50:14,855 [INFO] ThirdParty:1030 - CMSIS Pack Vendor :STMicroelectronics X-CUBE-SUBG2 5.0.0
2023-07-04 15:50:14,855 [INFO] ThirdParty:1030 - CMSIS Pack Vendor :STMicroelectronics X-CUBE-NFC4 3.0.0
2023-07-04 15:50:14,855 [INFO] ThirdParty:1030 - CMSIS Pack Vendor :STMicroelectronics STM32_WPAN 1.0.0
2023-07-04 15:50:14,855 [INFO] ThirdParty:1030 - CMSIS Pack Vendor :STMicroelectronics lwIP 2.0.3
2023-07-04 15:50:14,855 [INFO] ThirdParty:1030 - CMSIS Pack Vendor :STMicroelectronics USB_HOST 1.0.0
2023-07-04 15:50:14,855 [INFO] ThirdParty:1030 - CMSIS Pack Vendor :STMicroelectronics PDM2PCM 3.1.0
2023-07-04 15:50:14,855 [INFO] ThirdParty:1030 - CMSIS Pack Vendor :STMicroelectronics X-CUBE-AZRTOS-H7 3.1.0
2023-07-04 15:50:14,855 [INFO] ThirdParty:1030 - CMSIS Pack Vendor :STMicroelectronics X-CUBE-TOF1 3.3.0
2023-07-04 15:50:14,855 [INFO] ThirdParty:1030 - CMSIS Pack Vendor :STMicroelectronics PDM2PCM 3.3.0
2023-07-04 15:50:14,855 [INFO] ThirdParty:1030 - CMSIS Pack Vendor :STMicroelectronics X-CUBE-DISPLAY 3.0.0
2023-07-04 15:50:14,855 [INFO] ThirdParty:1030 - CMSIS Pack Vendor :STMicroelectronics FP-ATR-SIGFOX1 3.2.0
2023-07-04 15:50:14,855 [INFO] ThirdParty:1030 - CMSIS Pack Vendor :STMicroelectronics HAL Drivers 0.0.0
2023-07-04 15:50:14,856 [INFO] ThirdParty:1030 - CMSIS Pack Vendor :STMicroelectronics MBEDTLS 2.16.2
2023-07-04 15:50:14,856 [INFO] ThirdParty:1030 - CMSIS Pack Vendor :STMicroelectronics X-CUBE-TOUCHGFX 4.22.0
2023-07-04 15:50:14,856 [INFO] ThirdParty:1030 - CMSIS Pack Vendor :STMicroelectronics X-CUBE-NFC7 1.0.1
2023-07-04 15:50:14,856 [INFO] ThirdParty:1030 - CMSIS Pack Vendor :STMicroelectronics MBEDTLS 2.14.1
2023-07-04 15:50:14,856 [INFO] ThirdParty:1030 - CMSIS Pack Vendor :STMicroelectronics X-CUBE-NFC7 1.0.0
2023-07-04 15:50:14,856 [INFO] ThirdParty:1030 - CMSIS Pack Vendor :STMicroelectronics X-CUBE-EEPRMA1 4.1.0
2023-07-04 15:50:14,856 [INFO] ThirdParty:1030 - CMSIS Pack Vendor :portGmbH I-Cube-SoM-uGOAL 1.1.0
2023-07-04 15:50:14,856 [INFO] ThirdParty:1030 - CMSIS Pack Vendor :STMicroelectronics X-CUBE-ALS 1.0.1
2023-07-04 15:50:14,856 [INFO] ThirdParty:1030 - CMSIS Pack Vendor :STMicroelectronics ThreadX 1.0.0
2023-07-04 15:50:14,856 [INFO] ThirdParty:1030 - CMSIS Pack Vendor :STMicroelectronics X-CUBE-AZRTOS-WB 1.1.0
2023-07-04 15:50:14,856 [INFO] ThirdParty:1030 - CMSIS Pack Vendor :SEGGER I-CUBE-embOS 1.3.1
2023-07-04 15:50:14,856 [INFO] ThirdParty:1030 - CMSIS Pack Vendor :STMicroelectronics USB_DEVICE 1.0.0
2023-07-04 15:50:14,856 [INFO] ThirdParty:1030 - CMSIS Pack Vendor :STMicroelectronics ThreadX 0.0.2
2023-07-04 15:50:14,856 [INFO] ThirdParty:1030 - CMSIS Pack Vendor :WES I-CUBE-Cesium 1.3.0
2023-07-04 15:50:14,856 [INFO] ThirdParty:1030 - CMSIS Pack Vendor :STMicroelectronics FP-ATR-ASTRA1 2.0.0
2023-07-04 15:50:14,856 [INFO] ThirdParty:1030 - CMSIS Pack Vendor :STMicroelectronics lwIP 2.1.2
2023-07-04 15:50:14,856 [INFO] ThirdParty:1030 - CMSIS Pack Vendor :STMicroelectronics X-CUBE-SFXS2LP1 4.0.0
2023-07-04 15:50:14,856 [INFO] ThirdParty:1030 - CMSIS Pack Vendor :STMicroelectronics X-CUBE-BLE2 3.3.0
2023-07-04 15:50:14,856 [INFO] ThirdParty:1030 - CMSIS Pack Vendor :STMicroelectronics PDM2PCM 3.2.0
2023-07-04 15:50:14,856 [INFO] ThirdParty:841 - exiting critical section [change project]
2023-07-04 15:50:15,214 [INFO] PinOutPanel:1499 - setPackage(No Configuration,No Configuration)
2023-07-04 15:50:15,214 [INFO] PinOutPanel:1499 - setPackage(STM32L432KCUx,UFQFPN32)
2023-07-04 15:50:15,592 [INFO] UtilMem:75 - Before build in PCC Used Memory: 490657496 Bytes (677380096)
2023-07-04 15:50:16,205 [INFO] UtilMem:75 - After build in PCC Used Memory: 584454816 Bytes (677380096)
2023-07-04 15:50:16,218 [INFO] IPUIPlugin:80 - create IPUIPlugin
2023-07-04 15:50:16,218 [INFO] IPUIPlugin:80 - create IPUIPlugin
2023-07-04 15:50:16,219 [INFO] IPUIPlugin:80 - create IPUIPlugin
2023-07-04 15:50:16,219 [INFO] IPUIPlugin:80 - create IPUIPlugin
2023-07-04 15:50:16,219 [INFO] IPUIPlugin:80 - create IPUIPlugin
2023-07-04 15:50:16,219 [INFO] IPUIPlugin:80 - create IPUIPlugin
2023-07-04 15:50:16,219 [INFO] IPUIPlugin:80 - create IPUIPlugin
2023-07-04 15:50:16,219 [INFO] IPUIPlugin:80 - create IPUIPlugin
2023-07-04 15:50:16,242 [INFO] IPUIPlugin:80 - create IPUIPlugin
2023-07-04 15:50:16,242 [INFO] IPUIPlugin:80 - create IPUIPlugin
2023-07-04 15:50:16,242 [INFO] IPUIPlugin:80 - create IPUIPlugin
2023-07-04 15:50:16,242 [INFO] IPUIPlugin:80 - create IPUIPlugin
2023-07-04 15:50:16,242 [INFO] IPUIPlugin:80 - create IPUIPlugin
2023-07-04 15:50:16,242 [INFO] IPUIPlugin:80 - create IPUIPlugin
2023-07-04 15:50:16,242 [INFO] IPUIPlugin:80 - create IPUIPlugin
2023-07-04 15:50:16,242 [INFO] IPUIPlugin:80 - create IPUIPlugin
2023-07-04 15:50:16,243 [INFO] IPUIPlugin:80 - create IPUIPlugin
2023-07-04 15:50:16,243 [INFO] IPUIPlugin:80 - create IPUIPlugin
2023-07-04 15:50:16,243 [INFO] IPUIPlugin:80 - create IPUIPlugin
2023-07-04 15:50:16,243 [INFO] IPUIPlugin:80 - create IPUIPlugin
2023-07-04 15:50:16,243 [INFO] IPUIPlugin:80 - create IPUIPlugin
2023-07-04 15:50:16,243 [INFO] IPUIPlugin:80 - create IPUIPlugin
2023-07-04 15:50:16,243 [INFO] IPUIPlugin:80 - create IPUIPlugin
2023-07-04 15:50:16,243 [INFO] IPUIPlugin:80 - create IPUIPlugin
2023-07-04 15:50:16,243 [INFO] IPUIPlugin:80 - create IPUIPlugin
2023-07-04 15:50:16,244 [INFO] IPUIPlugin:80 - create IPUIPlugin
2023-07-04 15:50:16,244 [INFO] IPUIPlugin:80 - create IPUIPlugin
2023-07-04 15:50:16,244 [INFO] IPUIPlugin:80 - create IPUIPlugin
2023-07-04 15:50:16,244 [INFO] IPUIPlugin:80 - create IPUIPlugin
2023-07-04 15:50:16,244 [INFO] IPUIPlugin:80 - create IPUIPlugin
2023-07-04 15:50:16,244 [INFO] IPUIPlugin:80 - create IPUIPlugin
2023-07-04 15:50:16,245 [INFO] IPUIPlugin:80 - create IPUIPlugin
2023-07-04 15:50:16,245 [INFO] IPUIPlugin:80 - create IPUIPlugin
2023-07-04 15:50:16,245 [INFO] IPUIPlugin:80 - create IPUIPlugin
2023-07-04 15:50:16,245 [INFO] IPUIPlugin:80 - create IPUIPlugin
2023-07-04 15:50:16,245 [INFO] IPUIPlugin:80 - create IPUIPlugin
2023-07-04 15:50:16,245 [INFO] IPUIPlugin:80 - create IPUIPlugin
2023-07-04 15:50:16,245 [INFO] IPUIPlugin:80 - create IPUIPlugin
2023-07-04 15:50:16,256 [INFO] IPUIPlugin:80 - create IPUIPlugin
2023-07-04 15:50:16,257 [INFO] IPUIPlugin:80 - create IPUIPlugin
2023-07-04 15:50:16,257 [INFO] IPUIPlugin:80 - create IPUIPlugin
2023-07-04 15:50:16,289 [INFO] CADModel:165 - CPN selected for project levelSTM32L432KCU3
2023-07-04 15:50:16,289 [INFO] CADModel:114 - Register for checkConnection events
2023-07-04 15:50:16,328 [INFO] OpenFileManager:328 - Restore cursor
