2023-07-20 09:38:56,070 [INFO] Activator:176 - 


2023-07-20 09:38:56,075 [INFO] Activator:177 - !SESSION log4j initialized
2023-07-20 09:39:02,814 [INFO] LogOutputStream:77 - [STDOUT_REDIRECT] 
2023-07-20 09:39:29,422 [ERROR] LogOutputStream:75 - [STDERR_REDIRECT] SLF4J: Failed to load class "org.slf4j.impl.StaticLoggerBinder".
2023-07-20 09:39:29,423 [ERROR] LogOutputStream:75 - [STDERR_REDIRECT] SLF4J: Defaulting to no-operation (NOP) logger implementation
2023-07-20 09:39:29,423 [ERROR] LogOutputStream:75 - [STDERR_REDIRECT] SLF4J: See http://www.slf4j.org/codes.html#StaticLoggerBinder for further details.
2023-07-20 10:04:48,561 [INFO] ApplicationProperties:184 - Using Application install path: /home/lucas/st/stm32cubeide_1.12.1/plugins/com.st.stm32cube.common.mx_6.8.1.202304191431
2023-07-20 10:04:48,605 [INFO] DbMcusXml:78 - Set database path to: /home/lucas/st/stm32cubeide_1.12.1/plugins/com.st.stm32cube.common.mx_6.8.1.202304191431//db//mcu/
2023-07-20 10:04:48,606 [INFO] ApiDb:274 - Set plugin database path to: /home/lucas/st/stm32cubeide_1.12.1/plugins/com.st.stm32cube.common.mx_6.8.1.202304191431//db//plugins/boardmanager/
2023-07-20 10:04:48,607 [WARN] ApiDb:259 - Overriding images path with different value:  => /home/lucas/st/stm32cubeide_1.12.1/plugins/com.st.stm32cube.common.mx_6.8.1.202304191431//db//plugins/mcufinder/images/
2023-07-20 10:04:48,635 [INFO] ApiDb:250 - Set database path to: /home/lucas/.stmcufinder/plugins/mcufinder//mcu/
2023-07-20 10:04:48,636 [INFO] DbMcusAds:125 - Set database path to: /home/lucas/.stmcufinder/plugins/mcufinder//mcu/
2023-07-20 10:04:54,136 [INFO] CrossReferenceDbSqlite:203 - Set database path to: /home/lucas/.stmcufinder/plugins/mcufinder//mcu/cs/
2023-07-20 10:04:54,352 [INFO] RulesReader:64 - Compatibility file has been processed (293 Rules)
2023-07-20 10:04:54,544 [INFO] DbMcusXml:78 - Set database path to: /home/lucas/st/stm32cubeide_1.12.1/plugins/com.st.stm32cube.common.mx_6.8.1.202304191431//db//mcu/
2023-07-20 10:04:54,544 [INFO] ApiDb:274 - Set plugin database path to: /home/lucas/st/stm32cubeide_1.12.1/plugins/com.st.stm32cube.common.mx_6.8.1.202304191431//db//plugins/boardmanager/
2023-07-20 10:04:54,544 [INFO] ApiDb:261 - Set plugin images path to: /home/lucas/st/stm32cubeide_1.12.1/plugins/com.st.stm32cube.common.mx_6.8.1.202304191431//db//plugins/mcufinder/images/
2023-07-20 10:04:54,544 [WARN] DbFile:41 - Overriding database path with different value: /home/lucas/.stmcufinder/plugins/mcufinder/ => /home/lucas/.stmcufinder/plugins/mcufinder
2023-07-20 10:04:54,544 [INFO] ApiDb:250 - Set database path to: /home/lucas/.stmcufinder/plugins/mcufinder//mcu/
2023-07-20 10:04:54,545 [WARN] DbFile:41 - Overriding database path with different value: /home/lucas/.stmcufinder/plugins/mcufinder/ => /home/lucas/.stmcufinder/plugins/mcufinder
2023-07-20 10:04:54,545 [INFO] DbMcusAds:125 - Set database path to: /home/lucas/.stmcufinder/plugins/mcufinder//mcu/
2023-07-20 10:04:54,545 [WARN] DbFile:41 - Overriding database path with different value: /home/lucas/.stmcufinder/plugins/mcufinder/ => /home/lucas/.stmcufinder/plugins/mcufinder
2023-07-20 10:04:54,545 [WARN] DbFile:41 - Overriding database path with different value: /home/lucas/.stmcufinder/plugins/mcufinder/ => /home/lucas/.stmcufinder/plugins/mcufinder
2023-07-20 10:04:54,545 [INFO] CrossReferenceDbSqlite:203 - Set database path to: /home/lucas/.stmcufinder/plugins/mcufinder//mcu/cs/
2023-07-20 10:04:54,644 [INFO] MainPanel:253 - HeapMemory: 650117120
2023-07-20 10:04:54,801 [INFO] DbMcusXml:78 - Set database path to: /home/lucas/st/stm32cubeide_1.12.1/plugins/com.st.stm32cube.common.mx_6.8.1.202304191431//db//mcu/
2023-07-20 10:04:54,802 [INFO] ApiDb:274 - Set plugin database path to: /home/lucas/st/stm32cubeide_1.12.1/plugins/com.st.stm32cube.common.mx_6.8.1.202304191431//db//plugins/boardmanager/
2023-07-20 10:04:54,802 [INFO] ApiDb:261 - Set plugin images path to: /home/lucas/st/stm32cubeide_1.12.1/plugins/com.st.stm32cube.common.mx_6.8.1.202304191431//db//plugins/mcufinder/images/
2023-07-20 10:04:54,802 [WARN] DbFile:41 - Overriding database path with different value: /home/lucas/.stmcufinder/plugins/mcufinder/ => /home/lucas/.stmcufinder/plugins/mcufinder
2023-07-20 10:04:54,802 [INFO] ApiDb:250 - Set database path to: /home/lucas/.stmcufinder/plugins/mcufinder//mcu/
2023-07-20 10:04:54,802 [WARN] DbFile:41 - Overriding database path with different value: /home/lucas/.stmcufinder/plugins/mcufinder/ => /home/lucas/.stmcufinder/plugins/mcufinder
2023-07-20 10:04:54,802 [INFO] DbMcusAds:125 - Set database path to: /home/lucas/.stmcufinder/plugins/mcufinder//mcu/
2023-07-20 10:04:54,803 [WARN] DbFile:41 - Overriding database path with different value: /home/lucas/.stmcufinder/plugins/mcufinder/ => /home/lucas/.stmcufinder/plugins/mcufinder
2023-07-20 10:04:54,803 [WARN] DbFile:41 - Overriding database path with different value: /home/lucas/.stmcufinder/plugins/mcufinder/ => /home/lucas/.stmcufinder/plugins/mcufinder
2023-07-20 10:04:54,803 [INFO] CrossReferenceDbSqlite:203 - Set database path to: /home/lucas/.stmcufinder/plugins/mcufinder//mcu/cs/
2023-07-20 10:04:54,818 [INFO] ApplicationProperties:184 - Using Application install path: /home/lucas/st/stm32cubeide_1.12.1/plugins/com.st.stm32cube.common.mx_6.8.1.202304191431
2023-07-20 10:04:54,820 [INFO] PluginManage:196 - Search for loadable plugins [exclusion list=, ]
2023-07-20 10:04:54,821 [INFO] PluginManage:310 - Check plugin analytics
2023-07-20 10:04:54,990 [INFO] AnalyticsPlugin:253 - Accepted Software Licenses: 
2023-07-20 10:04:54,990 [INFO] AnalyticsPlugin:255 - Accepted CMSIS Pack Licenses: 
2023-07-20 10:04:54,991 [INFO] AnalyticsPlugin:257 - Accepted Firmware Licenses: 
2023-07-20 10:04:54,995 [INFO] PluginManage:359 - Loaded plugin analytics (category:tool,tabindex:-1)
2023-07-20 10:04:54,996 [INFO] PluginManage:310 - Check plugin cadmodel
2023-07-20 10:04:55,130 [INFO] CADModel:105 - Init CAD model plugin
2023-07-20 10:04:55,131 [INFO] PluginManage:359 - Loaded plugin cadmodel (category:power,tabindex:5)
2023-07-20 10:04:55,131 [INFO] PluginManage:310 - Check plugin clock
2023-07-20 10:04:55,168 [INFO] PluginManage:359 - Loaded plugin clock (category:base,tabindex:2)
2023-07-20 10:04:55,168 [INFO] PluginManage:310 - Check plugin ddr
2023-07-20 10:04:55,171 [INFO] PluginManage:359 - Loaded plugin ddr (category:tool,tabindex:6)
2023-07-20 10:04:55,171 [INFO] PluginManage:310 - Check plugin filemanager
2023-07-20 10:04:55,340 [INFO] PluginManage:359 - Loaded plugin filemanager (category:base,tabindex:10)
2023-07-20 10:04:55,340 [INFO] PluginManage:310 - Check plugin ipmanager
2023-07-20 10:04:55,358 [INFO] PluginManage:359 - Loaded plugin ipmanager (category:base,tabindex:5)
2023-07-20 10:04:55,358 [INFO] PluginManage:310 - Check plugin lpbam
2023-07-20 10:04:55,367 [INFO] PluginManage:359 - Loaded plugin lpbam (category:base,tabindex:0)
2023-07-20 10:04:55,367 [INFO] PluginManage:310 - Check plugin pinoutandconfiguration
2023-07-20 10:04:55,375 [INFO] PluginManage:359 - Loaded plugin pinoutandconfiguration (category:base,tabindex:1)
2023-07-20 10:04:55,375 [INFO] PluginManage:310 - Check plugin pinoutconfig
2023-07-20 10:04:55,534 [WARN] SupportedApi:132 - Cannot load RTOS API schema: s4s-elt-must-match.1: The content of 'definitions' must match (annotation?, (simpleType | complexType)?, (unique | key | keyref)*)). A problem was found starting at: attribute.
2023-07-20 10:04:55,712 [INFO] PluginManage:359 - Loaded plugin pinoutconfig (category:base,tabindex:0)
2023-07-20 10:04:55,713 [INFO] PluginManage:310 - Check plugin power
2023-07-20 10:04:55,783 [INFO] PluginManage:359 - Loaded plugin power (category:power,tabindex:4)
2023-07-20 10:04:55,784 [INFO] PluginManage:310 - Check plugin projectmanager
2023-07-20 10:04:55,807 [INFO] PluginManage:359 - Loaded plugin projectmanager (category:projectmanager,tabindex:3)
2023-07-20 10:04:55,808 [INFO] PluginManage:310 - Check plugin thirdparty
2023-07-20 10:04:55,980 [INFO] PluginManage:359 - Loaded plugin thirdparty (category:base,tabindex:-1)
2023-07-20 10:04:55,980 [WARN] IntegrityCheckThread:84 - waiting for thirdparty lock release [integrity check]
2023-07-20 10:04:55,980 [INFO] PluginManage:310 - Check plugin tools
2023-07-20 10:04:55,981 [INFO] IntegrityCheckThread:86 - entering critical section [integrity check]
2023-07-20 10:04:55,982 [INFO] ThirdPartyUpdaterWithRetryManager:70 - Updater plugin not ready yet. [1/15]
2023-07-20 10:04:55,982 [INFO] PluginManage:359 - Loaded plugin tools (category:base,tabindex:7)
2023-07-20 10:04:55,982 [INFO] PluginManage:310 - Check plugin tutovideos
2023-07-20 10:04:56,198 [INFO] PluginManage:359 - Loaded plugin tutovideos (category:base,tabindex:-1)
2023-07-20 10:04:56,199 [INFO] PluginManage:310 - Check plugin updater
2023-07-20 10:04:56,248 [INFO] PluginManage:359 - Loaded plugin updater (category:base,tabindex:12)
2023-07-20 10:04:56,248 [INFO] PluginManage:283 - PluginManage : Loaded plugins [15]
2023-07-20 10:04:56,513 [INFO] PinOutPanel:1499 - setPackage(No Configuration,No Configuration)
2023-07-20 10:04:56,598 [INFO] CADModel:165 - CPN selected for project level
2023-07-20 10:04:56,599 [INFO] CADModel:114 - Register for checkConnection events
2023-07-20 10:04:56,618 [INFO] IPUIPlugin:80 - create IPUIPlugin
2023-07-20 10:04:56,619 [INFO] PluginManager:220 - loadIPPluginJar : add gpio
2023-07-20 10:04:56,625 [INFO] IPUIPlugin:80 - create IPUIPlugin
2023-07-20 10:04:56,625 [INFO] PluginManager:220 - loadIPPluginJar : add usbx
2023-07-20 10:04:56,627 [INFO] IPUIPlugin:80 - create IPUIPlugin
2023-07-20 10:04:56,627 [INFO] PluginManager:220 - loadIPPluginJar : add gfxmmu
2023-07-20 10:04:56,629 [INFO] IPUIPlugin:80 - create IPUIPlugin
2023-07-20 10:04:56,629 [INFO] PluginManager:220 - loadIPPluginJar : add i2c
2023-07-20 10:04:56,631 [INFO] IPUIPlugin:80 - create IPUIPlugin
2023-07-20 10:04:56,631 [INFO] PluginManager:220 - loadIPPluginJar : add spi
2023-07-20 10:04:56,632 [INFO] IPUIPlugin:80 - create IPUIPlugin
2023-07-20 10:04:56,632 [INFO] PluginManager:220 - loadIPPluginJar : add ucpd
2023-07-20 10:04:56,636 [INFO] IPUIPlugin:80 - create IPUIPlugin
2023-07-20 10:04:56,636 [INFO] PluginManager:220 - loadIPPluginJar : add opamp
2023-07-20 10:04:56,652 [INFO] IPUIPlugin:80 - create IPUIPlugin
2023-07-20 10:04:56,652 [INFO] PluginManager:220 - loadIPPluginJar : add dma
2023-07-20 10:04:56,658 [INFO] IPUIPlugin:80 - create IPUIPlugin
2023-07-20 10:04:56,658 [INFO] PluginManager:220 - loadIPPluginJar : add adc
2023-07-20 10:04:56,662 [INFO] IPUIPlugin:80 - create IPUIPlugin
2023-07-20 10:04:56,662 [INFO] PluginManager:220 - loadIPPluginJar : add stm32_wpan
2023-07-20 10:04:56,664 [INFO] IPUIPlugin:80 - create IPUIPlugin
2023-07-20 10:04:56,664 [INFO] PluginManager:220 - loadIPPluginJar : add touchsensing
2023-07-20 10:04:56,669 [INFO] IPUIPlugin:80 - create IPUIPlugin
2023-07-20 10:04:56,669 [INFO] PluginManager:220 - loadIPPluginJar : add gic
2023-07-20 10:04:56,671 [INFO] IPUIPlugin:80 - create IPUIPlugin
2023-07-20 10:04:56,671 [INFO] PluginManager:220 - loadIPPluginJar : add hash
2023-07-20 10:04:56,678 [INFO] IPUIPlugin:80 - create IPUIPlugin
2023-07-20 10:04:56,678 [INFO] PluginManager:220 - loadIPPluginJar : add linkedlist
2023-07-20 10:04:56,679 [INFO] IPUIPlugin:80 - create IPUIPlugin
2023-07-20 10:04:56,680 [INFO] PluginManager:220 - loadIPPluginJar : add ts
2023-07-20 10:04:56,681 [INFO] IPUIPlugin:80 - create IPUIPlugin
2023-07-20 10:04:56,681 [INFO] PluginManager:220 - loadIPPluginJar : add usart
2023-07-20 10:04:56,683 [INFO] IPUIPlugin:80 - create IPUIPlugin
2023-07-20 10:04:56,683 [INFO] PluginManager:220 - loadIPPluginJar : add quadspi
2023-07-20 10:04:56,685 [INFO] IPUIPlugin:80 - create IPUIPlugin
2023-07-20 10:04:56,685 [INFO] PluginManager:220 - loadIPPluginJar : add can
2023-07-20 10:04:56,706 [INFO] IPUIPlugin:80 - create IPUIPlugin
2023-07-20 10:04:56,706 [INFO] PluginManager:220 - loadIPPluginJar : add freertos
2023-07-20 10:04:56,709 [INFO] IPUIPlugin:80 - create IPUIPlugin
2023-07-20 10:04:56,709 [INFO] PluginManager:220 - loadIPPluginJar : add lorawan
2023-07-20 10:04:56,726 [INFO] IPUIPlugin:80 - create IPUIPlugin
2023-07-20 10:04:56,726 [INFO] PluginManager:220 - loadIPPluginJar : add mdma
2023-07-20 10:04:56,729 [INFO] IPUIPlugin:80 - create IPUIPlugin
2023-07-20 10:04:56,729 [INFO] PluginManager:220 - loadIPPluginJar : add sai
2023-07-20 10:04:56,730 [INFO] IPUIPlugin:80 - create IPUIPlugin
2023-07-20 10:04:56,730 [INFO] PluginManager:220 - loadIPPluginJar : add fatfs
2023-07-20 10:04:56,732 [INFO] IPUIPlugin:80 - create IPUIPlugin
2023-07-20 10:04:56,732 [INFO] PluginManager:220 - loadIPPluginJar : add comp
2023-07-20 10:04:56,735 [INFO] IPUIPlugin:80 - create IPUIPlugin
2023-07-20 10:04:56,735 [INFO] PluginManager:220 - loadIPPluginJar : add nvic
2023-07-20 10:04:56,741 [INFO] IPUIPlugin:80 - create IPUIPlugin
2023-07-20 10:04:56,744 [INFO] PluginManager:220 - loadIPPluginJar : add plateformsettings
2023-07-20 10:04:56,746 [INFO] IPUIPlugin:80 - create IPUIPlugin
2023-07-20 10:04:56,746 [INFO] PluginManager:220 - loadIPPluginJar : add cryp
2023-07-20 10:04:56,748 [INFO] IPUIPlugin:80 - create IPUIPlugin
2023-07-20 10:04:56,748 [INFO] PluginManager:220 - loadIPPluginJar : add i2s
2023-07-20 10:04:56,750 [INFO] IPUIPlugin:80 - create IPUIPlugin
2023-07-20 10:04:56,750 [INFO] PluginManager:220 - loadIPPluginJar : add tsc
2023-07-20 10:04:56,753 [INFO] IPUIPlugin:80 - create IPUIPlugin
2023-07-20 10:04:56,753 [INFO] PluginManager:220 - loadIPPluginJar : add openamp
2023-07-20 10:04:56,756 [INFO] IPUIPlugin:80 - create IPUIPlugin
2023-07-20 10:04:56,757 [INFO] PluginManager:220 - loadIPPluginJar : add resmgrutility
2023-07-20 10:04:56,760 [INFO] IPUIPlugin:80 - create IPUIPlugin
2023-07-20 10:04:56,760 [INFO] PluginManager:220 - loadIPPluginJar : add gtzc
2023-07-20 10:04:56,822 [INFO] IPUIPlugin:80 - create IPUIPlugin
2023-07-20 10:04:56,822 [INFO] PluginManager:220 - loadIPPluginJar : add i3c
2023-07-20 10:04:56,825 [INFO] IPUIPlugin:80 - create IPUIPlugin
2023-07-20 10:04:56,825 [INFO] PluginManager:220 - loadIPPluginJar : add ipddr
2023-07-20 10:04:56,826 [INFO] IPUIPlugin:80 - create IPUIPlugin
2023-07-20 10:04:56,826 [INFO] PluginManager:220 - loadIPPluginJar : add genericplugin
2023-07-20 10:04:56,827 [INFO] IPUIPlugin:80 - create IPUIPlugin
2023-07-20 10:04:56,827 [INFO] PluginManager:220 - loadIPPluginJar : add ltdc
2023-07-20 10:04:56,829 [INFO] IPUIPlugin:80 - create IPUIPlugin
2023-07-20 10:04:56,829 [INFO] PluginManager:220 - loadIPPluginJar : add tim
2023-07-20 10:04:56,831 [INFO] IPUIPlugin:80 - create IPUIPlugin
2023-07-20 10:04:56,831 [INFO] PluginManager:220 - loadIPPluginJar : add dfsdm
2023-07-20 10:04:56,833 [INFO] IPUIPlugin:80 - create IPUIPlugin
2023-07-20 10:04:56,833 [INFO] PluginManager:220 - loadIPPluginJar : add tracer_emb
2023-07-20 10:04:56,835 [INFO] IPUIPlugin:80 - create IPUIPlugin
2023-07-20 10:04:56,835 [INFO] PluginManager:220 - loadIPPluginJar : add dma3
2023-07-20 10:04:56,837 [INFO] IPUIPlugin:80 - create IPUIPlugin
2023-07-20 10:04:56,837 [INFO] PluginManager:220 - loadIPPluginJar : add pdm2pcm
2023-07-20 10:04:56,841 [INFO] IPUIPlugin:80 - create IPUIPlugin
2023-07-20 10:04:56,841 [INFO] PluginManager:220 - loadIPPluginJar : add fmc
2023-07-20 10:04:56,843 [INFO] IPUIPlugin:80 - create IPUIPlugin
2023-07-20 10:04:56,843 [INFO] PluginManager:220 - loadIPPluginJar : add aes
2023-07-20 10:04:56,954 [INFO] CADModel:165 - CPN selected for project level
2023-07-20 10:04:56,955 [INFO] CADModel:114 - Register for checkConnection events
2023-07-20 10:04:56,955 [FATAL] Updater:308 - Updater called before beeing initialized
2023-07-20 10:04:56,955 [ERROR] CADModel:125 - Updater not yet initialized, retry later 
2023-07-20 10:04:57,111 [INFO] CADModel:165 - CPN selected for project level
2023-07-20 10:04:57,111 [INFO] CADModel:114 - Register for checkConnection events
2023-07-20 10:04:57,111 [FATAL] Updater:308 - Updater called before beeing initialized
2023-07-20 10:04:57,111 [ERROR] CADModel:125 - Updater not yet initialized, retry later 
2023-07-20 10:04:57,114 [FATAL] Updater:308 - Updater called before beeing initialized
2023-07-20 10:04:57,226 [FATAL] Updater:308 - Updater called before beeing initialized
2023-07-20 10:04:57,244 [INFO] DbMcusAds:53 - JSON generation date=Tue Mar 07 09:50:55 CET 2023 (1678179055335)
2023-07-20 10:04:57,244 [FATAL] Updater:308 - Updater called before beeing initialized
2023-07-20 10:04:57,301 [WARN] DetailPanel:346 - Failed to get advertising image, set to default
2023-07-20 10:04:57,405 [FATAL] Updater:308 - Updater called before beeing initialized
2023-07-20 10:04:57,407 [FATAL] Updater:308 - Updater called before beeing initialized
2023-07-20 10:04:57,407 [FATAL] Updater:308 - Updater called before beeing initialized
2023-07-20 10:04:57,407 [WARN] DetailPanel:346 - Failed to get advertising image, set to default
2023-07-20 10:04:57,408 [FATAL] Updater:308 - Updater called before beeing initialized
2023-07-20 10:04:57,443 [ERROR] Updater:1120 - MainUpdater not yet initialized. External WinMGr cannot be set.
2023-07-20 10:04:57,445 [INFO] Updater:1056 - Updater Version found : 6.8.1
2023-07-20 10:04:57,463 [INFO] ApplicationProperties:184 - Using Application install path: /home/lucas/st/stm32cubeide_1.12.1/plugins/com.st.stm32cube.common.mx_6.8.1.202304191431
2023-07-20 10:04:57,659 [INFO] MainUpdater:2854 - connection check result : 10
2023-07-20 10:04:57,660 [INFO] MainUpdater:283 - Updater Check For Update Now.
2023-07-20 10:04:57,660 [INFO] MicroXplorer:498 - Change Database Version : DB.6.0.81
2023-07-20 10:04:57,823 [INFO] CheckServerUpdateThread:120 - End of CheckServer Thread
2023-07-20 10:04:57,867 [INFO] MainUpdater:2854 - connection check result : 10
2023-07-20 10:04:57,868 [INFO] MainUpdater:2854 - connection check result : 10
2023-07-20 10:04:57,943 [INFO] MicroXplorer:468 - Change Database Path : 
2023-07-20 10:04:57,943 [INFO] MicroXplorer:498 - Change Database Version : DB.6.0.81
2023-07-20 10:04:57,943 [WARN] ThirdParty:871 - waiting for thirdparty lock release [close project]
2023-07-20 10:04:59,241 [WARN] PackLoader:240 - Cannot read IP mode file for STMicroelectronics.X-CUBE-GNSS1.6.0.0
2023-07-20 10:04:59,286 [WARN] PackLoader:240 - Cannot read IP mode file for STMicroelectronics.X-CUBE-AZRTOS-F4.1.1.0
2023-07-20 10:04:59,305 [WARN] PackLoader:240 - Cannot read IP mode file for STMicroelectronics.X-CUBE-SMBUS.2.1.0
2023-07-20 10:04:59,329 [WARN] PackLoader:240 - Cannot read IP mode file for STMicroelectronics.X-CUBE-AZRTOS-F7.1.1.0
2023-07-20 10:04:59,355 [WARN] PackLoader:240 - Cannot read IP mode file for STMicroelectronics.FP-SNS-MOTENV1.4.3.2
2023-07-20 10:04:59,361 [ERROR] RealEvaluatedCondition:428 - Found unsupported composite condition: CLASS='Data Exchange' GROUP='STM32_MetaDataManager'
2023-07-20 10:04:59,362 [ERROR] RealEvaluatedCondition:428 - Found unsupported composite condition: CLASS='Data Exchange' GROUP='STM32_MetaDataManager'
2023-07-20 10:04:59,363 [WARN] PackLoader:240 - Cannot read IP mode file for STMicroelectronics.FP-SNS-MOTENV1.4.3.1
2023-07-20 10:04:59,371 [WARN] PackLoader:240 - Cannot read IP mode file for STMicroelectronics.X-CUBE-BLE1.6.2.4
2023-07-20 10:04:59,380 [WARN] PackLoader:240 - Cannot read IP mode file for emotas.I-CUBE-CANOPEN.1.1.3
2023-07-20 10:04:59,390 [WARN] PackLoader:240 - Cannot read IP mode file for STMicroelectronics.X-CUBE-BLEMGR.2.0.0
2023-07-20 10:04:59,437 [WARN] ConditionMgr:438 - getConditionDescription Invalid condition id : UX DEVICE CLASS RTOS Condition cause : null
2023-07-20 10:04:59,437 [WARN] ConditionMgr:438 - getConditionDescription Invalid condition id : UX DEVICE CLASS RTOS Condition cause : null
2023-07-20 10:04:59,440 [WARN] PackLoader:240 - Cannot read IP mode file for STMicroelectronics.X-CUBE-AZRTOS-H7.3.1.0
2023-07-20 10:04:59,441 [WARN] ConditionMgr:1039 - genDependencies : Invalid condition id : UX DEVICE CLASS RTOS Condition cause : null
2023-07-20 10:04:59,442 [WARN] ConditionMgr:1039 - genDependencies : Invalid condition id : UX DEVICE CLASS RTOS Condition cause : null
2023-07-20 10:04:59,442 [WARN] ConditionMgr:1039 - genDependencies : Invalid condition id : UX DEVICE CLASS RTOS Condition cause : null
2023-07-20 10:04:59,443 [WARN] ConditionMgr:1039 - genDependencies : Invalid condition id : UX DEVICE CLASS RTOS Condition cause : null
2023-07-20 10:04:59,443 [WARN] ConditionMgr:1039 - genDependencies : Invalid condition id : UX DEVICE CLASS RTOS Condition cause : null
2023-07-20 10:04:59,462 [WARN] PackLoader:240 - Cannot read IP mode file for STMicroelectronics.X-CUBE-DISPLAY.3.0.0
2023-07-20 10:04:59,477 [WARN] PackLoader:240 - Cannot read IP mode file for STMicroelectronics.X-CUBE-TOUCHGFX.4.22.0
2023-07-20 10:04:59,479 [WARN] PackLoader:240 - Cannot read IP mode file for STMicroelectronics.X-CUBE-NFC7.1.0.1
2023-07-20 10:04:59,483 [WARN] PackLoader:240 - Cannot read IP mode file for STMicroelectronics.X-CUBE-NFC7.1.0.0
2023-07-20 10:04:59,487 [WARN] PackLoader:240 - Cannot read IP mode file for STMicroelectronics.X-CUBE-EEPRMA1.4.1.0
2023-07-20 10:04:59,508 [WARN] PackLoader:240 - Cannot read IP mode file for WES.I-CUBE-Cesium.1.3.0
2023-07-20 10:04:59,513 [WARN] PackLoader:240 - Cannot read IP mode file for STMicroelectronics.X-CUBE-SFXS2LP1.4.0.0
2023-07-20 10:04:59,516 [WARN] PackLoader:240 - Cannot read IP mode file for STMicroelectronics.X-CUBE-BLE2.3.3.0
2023-07-20 10:04:59,519 [WARN] PackLoader:240 - Cannot read IP mode file for STMicroelectronics.X-CUBE-ISPU.1.1.0
2023-07-20 10:04:59,522 [WARN] PackLoader:240 - Cannot read IP mode file for STMicroelectronics.X-CUBE-FREERTOS.1.0.1
2023-07-20 10:04:59,524 [WARN] PackLoader:240 - Cannot read IP mode file for STMicroelectronics.X-CUBE-TOUCHGFX.4.21.4
2023-07-20 10:04:59,528 [WARN] PackLoader:240 - Cannot read IP mode file for STMicroelectronics.X-CUBE-ALGOBUILD.1.3.0
2023-07-20 10:04:59,551 [WARN] PackLoader:240 - Cannot read IP mode file for STMicroelectronics.X-CUBE-AZRTOS-L5.1.1.0
2023-07-20 10:04:59,564 [WARN] PackLoader:240 - Cannot read IP mode file for STMicroelectronics.X-CUBE-AZRTOS-G0.1.1.0
2023-07-20 10:04:59,572 [WARN] PackLoader:240 - Cannot read IP mode file for STMicroelectronics.X-CUBE-SUBG2.5.0.0
2023-07-20 10:04:59,580 [WARN] PackLoader:240 - Cannot read IP mode file for STMicroelectronics.X-CUBE-NFC4.3.0.0
2023-07-20 10:04:59,594 [WARN] PackLoader:240 - Cannot read IP mode file for STMicroelectronics.X-CUBE-TOF1.3.3.0
2023-07-20 10:04:59,611 [WARN] PackLoader:240 - Cannot read IP mode file for STMicroelectronics.FP-ATR-SIGFOX1.3.2.0
2023-07-20 10:04:59,628 [WARN] PackLoader:240 - Cannot read IP mode file for portGmbH.I-Cube-SoM-uGOAL.1.1.0
2023-07-20 10:04:59,639 [WARN] PackLoader:240 - Cannot read IP mode file for STMicroelectronics.X-CUBE-ALS.1.0.1
2023-07-20 10:04:59,649 [WARN] PackLoader:240 - Cannot read IP mode file for STMicroelectronics.X-CUBE-AZRTOS-WB.1.1.0
2023-07-20 10:04:59,702 [WARN] PackLoader:240 - Cannot read IP mode file for SEGGER.I-CUBE-embOS.1.3.1
2023-07-20 10:04:59,746 [WARN] PackLoader:240 - Cannot read IP mode file for STMicroelectronics.FP-ATR-ASTRA1.2.0.0
2023-07-20 10:04:59,747 [INFO] ThirdParty:978 - Integrity check success = true
2023-07-20 10:04:59,747 [INFO] IntegrityCheckThread:100 - exiting critical section [integrity check]
2023-07-20 10:04:59,747 [INFO] IntegrityCheckThread:103 - End integrity checks thread
2023-07-20 10:04:59,747 [INFO] ThirdParty:873 - entering critical section [close project]
2023-07-20 10:04:59,749 [INFO] ThirdParty:883 - exiting critical section [close project]
2023-07-20 10:04:59,753 [INFO] PinOutPanel:1499 - setPackage(No Configuration,No Configuration)
2023-07-20 10:04:59,758 [INFO] UtilMem:75 - Begin LoadConfig() Used Memory: 531347400 Bytes (650117120)
2023-07-20 10:04:59,759 [INFO] MicroXplorer:468 - Change Database Path : 
2023-07-20 10:04:59,759 [INFO] MicroXplorer:498 - Change Database Version : DB.6.0.81
2023-07-20 10:04:59,760 [INFO] OpenFileManager:308 - Change cursor
2023-07-20 10:04:59,843 [INFO] Mcu:1937 - Initializing MCU STM32L432K(B-C)Ux STM32L432KCUx STM32L432KCU3
2023-07-20 10:05:01,494 [INFO] Context:659 - Trying to add GPIOservice into a context  which must be forbidden
2023-07-20 10:05:02,130 [INFO] RtosManager:555 - Registered RTOS mode: class=CMSIS, group=RTOS, mode=CMSIS_V1, owner=FREERTOS
2023-07-20 10:05:02,130 [INFO] RtosManager:555 - Registered RTOS mode: class=CMSIS, group=RTOS2, mode=CMSIS_V2, owner=FREERTOS
2023-07-20 10:05:02,130 [INFO] RtosManager:555 - Registered RTOS mode: class=RTOS, group=Core, mode=CMSIS_V1, owner=FREERTOS
2023-07-20 10:05:02,130 [INFO] RtosManager:555 - Registered RTOS mode: class=RTOS, group=Core, mode=CMSIS_V2, owner=FREERTOS
2023-07-20 10:05:02,131 [WARN] ModelIntegratedComponent:184 - Missing modes for component STMicroelectronics:FreeRTOS:0.0.1:STMicroelectronics:RTOS:FreeRTOS:Core:::10.2.0:
2023-07-20 10:05:02,147 [WARN] ModelIntegratedComponent:63 - No mode defined for component null
2023-07-20 10:05:02,147 [WARN] ModelIntegratedComponent:63 - No mode defined for component null
2023-07-20 10:05:02,147 [WARN] ModelIntegratedComponent:63 - No mode defined for component null
2023-07-20 10:05:02,147 [WARN] ModelIntegratedComponent:63 - No mode defined for component null
2023-07-20 10:05:02,147 [WARN] ModelIntegratedComponent:63 - No mode defined for component null
2023-07-20 10:05:02,147 [WARN] ModelIntegratedComponent:63 - No mode defined for component null
2023-07-20 10:05:02,147 [WARN] ModelIntegratedComponent:63 - No mode defined for component null
2023-07-20 10:05:02,147 [WARN] ModelIntegratedComponent:63 - No mode defined for component null
2023-07-20 10:05:02,147 [WARN] ModelIntegratedComponent:63 - No mode defined for component null
2023-07-20 10:05:02,147 [WARN] ModelIntegratedComponent:63 - No mode defined for component null
2023-07-20 10:05:02,147 [WARN] ModelIntegratedComponent:63 - No mode defined for component null
2023-07-20 10:05:02,147 [WARN] ModelIntegratedComponent:63 - No mode defined for component null
2023-07-20 10:05:02,148 [WARN] ModelIntegratedComponent:63 - No mode defined for component null
2023-07-20 10:05:02,148 [WARN] ModelIntegratedComponent:63 - No mode defined for component null
2023-07-20 10:05:02,148 [WARN] ModelIntegratedComponent:63 - No mode defined for component null
2023-07-20 10:05:02,148 [WARN] ModelIntegratedComponent:63 - No mode defined for component null
2023-07-20 10:05:02,148 [WARN] ModelIntegratedComponent:63 - No mode defined for component null
2023-07-20 10:05:02,148 [WARN] ModelIntegratedComponent:63 - No mode defined for component null
2023-07-20 10:05:02,148 [WARN] ModelIntegratedComponent:63 - No mode defined for component null
2023-07-20 10:05:02,148 [WARN] ModelIntegratedComponent:63 - No mode defined for component null
2023-07-20 10:05:02,148 [WARN] ModelIntegratedComponent:63 - No mode defined for component null
2023-07-20 10:05:02,148 [WARN] ModelIntegratedComponent:63 - No mode defined for component null
2023-07-20 10:05:02,148 [WARN] ModelIntegratedComponent:63 - No mode defined for component null
2023-07-20 10:05:02,148 [WARN] ModelIntegratedComponent:63 - No mode defined for component null
2023-07-20 10:05:02,148 [WARN] ModelIntegratedComponent:63 - No mode defined for component null
2023-07-20 10:05:02,148 [WARN] ModelIntegratedComponent:63 - No mode defined for component null
2023-07-20 10:05:02,148 [WARN] ModelIntegratedComponent:63 - No mode defined for component null
2023-07-20 10:05:02,148 [WARN] ModelIntegratedComponent:63 - No mode defined for component null
2023-07-20 10:05:02,148 [WARN] ModelIntegratedComponent:63 - No mode defined for component null
2023-07-20 10:05:02,148 [WARN] ModelIntegratedComponent:63 - No mode defined for component null
2023-07-20 10:05:02,149 [WARN] ModelIntegratedComponent:63 - No mode defined for component null
2023-07-20 10:05:02,149 [WARN] ModelIntegratedComponent:63 - No mode defined for component null
2023-07-20 10:05:02,149 [WARN] ModelIntegratedComponent:63 - No mode defined for component null
2023-07-20 10:05:02,169 [INFO] ThirdPartyModel:298 - Start build external matchings
2023-07-20 10:05:02,220 [INFO] ThirdPartyModel:316 - End build external matchings
2023-07-20 10:05:02,234 [INFO] ImportTextPane:194 - (OptionalMessage_ERROR) IP (RCC) : Invalid parameter (FamilyName)
2023-07-20 10:05:02,239 [INFO] ImportTextPane:194 - (OptionalMessage_ERROR) IP (RCC) : Parameter (USBFreq_Value) has invalid value (32000000)
2023-07-20 10:05:02,402 [INFO] UtilMem:75 - End LoadConfig() Used Memory: 507388384 Bytes (650117120)
2023-07-20 10:05:02,541 [INFO] ApiDb:581 - Connected to CubeFinder SQLite database (/home/lucas/.stmcufinder/plugins/mcufinder/mcu/cube-finder-db.db)
2023-07-20 10:05:02,788 [INFO] ApiDb:668 - CubeFinder database Data Model version=2.1
2023-07-20 10:05:02,788 [INFO] ApiDb:669 - CubeFinder database Configuration version=3.0.35
2023-07-20 10:05:02,788 [INFO] ApiDb:670 - CubeFinder database generation date=2023-05-12 (1683877179)
2023-07-20 10:05:02,788 [INFO] ApiDb:671 - CubeFinder database FW Pack versions=[FP-ATR-ASTRA1_V2.0.0, FP-SNS-FLIGHT1_V5.0.0, FP-SNS-MOTENV1_V4.3.0, STM32Cube_FW_C0_V1.0.1, STM32Cube_FW_F0_V1.11.4, STM32Cube_FW_F3_V1.11.4, STM32Cube_FW_F4_V1.27.1, STM32Cube_FW_F7_V1.17.0, STM32Cube_FW_G0_V1.6.1, STM32Cube_FW_G4_V1.5.1, STM32Cube_FW_H5_V0.5.1, STM32Cube_FW_H5_V1.0.0, STM32Cube_FW_H7_V1.11.0, STM32Cube_FW_L0_V1.12.2, STM32Cube_FW_L5_V1.5.0, STM32Cube_FW_U5_V1.2.0, STM32Cube_FW_WBA_V1.0.0, STM32Cube_FW_WBA_V1.0.0RC1, STM32Cube_FW_WBA_V1.0.0RC3, STM32Cube_FW_WB_V1.15.0RC1, STM32Cube_FW_WB_V1.16.0, STM32Cube_FW_WB_V1.16.0RC2, STM32Cube_FW_WL_V1.3.0, X-CUBE-ALGOBUILD_V1.3.0, X-CUBE-ALS_V1.0.1, X-CUBE-AZRTOS-F4_V1.1.0, X-CUBE-AZRTOS-F7_V1.1.0, X-CUBE-AZRTOS-G0_V1.1.0, X-CUBE-AZRTOS-G4_V2.0.0, X-CUBE-AZRTOS-H7_V3.1.0, X-CUBE-AZRTOS-L4_V1.0.0, X-CUBE-AZRTOS-L5_V1.1.0, X-CUBE-AZRTOS-WB_V1.1.0, X-CUBE-AZRTOS-WL_V1.0.0, X-CUBE-BLE1_V6.2.4, X-CUBE-BLE2_V3.3.0, X-CUBE-BLEMGR_V2.0.0, X-CUBE-EEPRMA1_V4.1.0, X-CUBE-FREERTOS_V1.0.1, X-CUBE-GNSS1_V6.0.0, X-CUBE-MEMS1_V9.1.0, X-CUBE-MEMS1_V9.4.0, X-CUBE-MEMS1_V9.6.0, X-CUBE-NFC4_V3.0.0, X-CUBE-NFC7_V1.0.0, X-CUBE-SFXS2LP1_V4.0.0, X-CUBE-SUBG2_V5.0.0]
2023-07-20 10:05:05,385 [INFO] ApiDb:240 - Found 297 in-development CPN: [B-G473E-ZEST1S, B-WB1M-WPAN1, B-WL5M-SUBG1, NUCLEO-C031C6, NUCLEO-H503RB, NUCLEO-H563ZI, NUCLEO-U545RE-Q, NUCLEO-U5A5ZJ-Q, NUCLEO-WBA52CG, STEVAL-PROTEUS1, STEVAL-STWINBX1, STM320518-EVAL, STM32C0116-DK, STM32C011D6Y3TR, STM32C011D6Y6TR, STM32C011F4P3, STM32C011F4P6, STM32C011F4U3, STM32C011F4U6TR, STM32C011F6P3, STM32C011F6P6, STM32C011F6U3, STM32C011F6U6TR, STM32C011J4M3, STM32C011J4M6, STM32C011J6M3, STM32C011J6M6, STM32C0316-DK, STM32C031C4T3, STM32C031C4T6, STM32C031C4U3, STM32C031C4U6, STM32C031C6T3, STM32C031C6T6, STM32C031C6U3, STM32C031C6U6, STM32C031F4P3, STM32C031F4P6, STM32C031F6P3, STM32C031F6P6, STM32C031G4U3, STM32C031G4U6, STM32C031G6U3, STM32C031G6U6, STM32C031K4T3, STM32C031K4T6, STM32C031K4U3, STM32C031K4U6, STM32C031K6T3, STM32C031K6T6, STM32C031K6U3, STM32C031K6U6, STM32G071K8TXN, STM32G071K8UXN, STM32G081GBU6N, STM32G081KBT6N, STM32G081KBUXN, STM32G0B1CCT6N, STM32G0B1KCT6, STM32G0B1NEY6TR, STM32G0B1RCT6N, STM32G0C1CCT6, STM32G0C1CCT6N, STM32G0C1CCU6N, STM32G0C1CET6N, STM32G0C1CEU6N, STM32G0C1KCT6, STM32G0C1NEY6TR, STM32G0C1RCI6N, STM32G0C1RCT6N, STM32G0C1REI6N, STM32G0C1RET6N, STM32G0C1VCI6, STM32G0C1VEI6, STM32G471CCT6, STM32G471CCU6, STM32G471CET3, STM32G471CET6, STM32G471CEU3, STM32G471CEU6, STM32G471MCT6, STM32G471MET3, STM32G471MET6, STM32G471MEY6TR, STM32G471QCT6, STM32G471QET3, STM32G471RCT6, STM32G471RET3, STM32G471RET6, STM32G471VCH6, STM32G471VCI6, STM32G471VCT6, STM32G471VEH3, STM32G471VEH6, STM32G471VEI3, STM32G471VEI6, STM32G471VET3, STM32G471VET6, STM32G474CCT6, STM32H503CBT6, STM32H503CBU6, STM32H503EBY6TR, STM32H503KBU6, STM32H503RBT6, STM32H562AGI6, STM32H562AII6, STM32H562IGK6, STM32H562IGT6, STM32H562IIK6, STM32H562IIT6, STM32H562RGT6, STM32H562RGV6, STM32H562RIT6, STM32H562RIV6, STM32H562VGT6, STM32H562VIT6, STM32H562ZGT6, STM32H562ZIT6, STM32H563AGI6, STM32H563AII3Q, STM32H563AII6, STM32H563IGK6, STM32H563IGT6, STM32H563IIK3Q, STM32H563IIK6, STM32H563IIT3Q, STM32H563IIT6, STM32H563MIY3QTR, STM32H563RGT6, STM32H563RGV6, STM32H563RIT6, STM32H563RIV6, STM32H563VGT6, STM32H563VIT3Q, STM32H563VIT6, STM32H563ZGT6, STM32H563ZIT3Q, STM32H563ZIT6, STM32H573AII3Q, STM32H573AII6, STM32H573I-DK, STM32H573IIK3Q, STM32H573IIK6, STM32H573IIT3Q, STM32H573IIT6, STM32H573MIY3QTR, STM32H573RIT6, STM32H573RIV6, STM32H573VIT3Q, STM32H573VIT6, STM32H573ZIT3Q, STM32H573ZIT6, STM32L4R5QGI6STR, STM32MP131AAE3, STM32MP131AAF3, STM32MP131AAG3, STM32MP131CAE3, STM32MP131CAF3, STM32MP131CAG3, STM32MP131DAE7, STM32MP131DAF7, STM32MP131DAG7, STM32MP131FAE7, STM32MP131FAF7, STM32MP131FAG7, STM32MP133AAE3, STM32MP133AAF3, STM32MP133AAG3, STM32MP133CAE3, STM32MP133CAF3, STM32MP133CAG3, STM32MP133DAE7, STM32MP133DAF7, STM32MP133DAG7, STM32MP133FAE7, STM32MP133FAF7, STM32MP133FAG7, STM32MP135AAE3, STM32MP135AAF3, STM32MP135AAG3, STM32MP135CAE3, STM32MP135CAF3, STM32MP135CAG3, STM32MP135DAE7, STM32MP135DAF7, STM32MP135DAG7, STM32MP135F-DK, STM32MP135FAE7, STM32MP135FAF7, STM32MP135FAF7T, STM32MP135FAF7U, STM32MP135FAG7, STM32U535CBT6, STM32U535CBT6Q, STM32U535CBU6, STM32U535CBU6Q, STM32U535CCT6, STM32U535CCT6Q, STM32U535CCU6, STM32U535CCU6Q, STM32U535CET6, STM32U535CET6Q, STM32U535CEU6, STM32U535CEU6Q, STM32U535JEY6QTR, STM32U535NCY6QTR, STM32U535NEY6QTR, STM32U535RBI6, STM32U535RBI6Q, STM32U535RBT6, STM32U535RBT6Q, STM32U535RCI6, STM32U535RCI6Q, STM32U535RCT6, STM32U535RCT6Q, STM32U535REI6, STM32U535REI6Q, STM32U535RET6, STM32U535RET6Q, STM32U535VCI6, STM32U535VCI6Q, STM32U535VCT6, STM32U535VCT6Q, STM32U535VEI6, STM32U535VEI6Q, STM32U535VET6, STM32U535VET6Q, STM32U545CET6, STM32U545CET6Q, STM32U545CEU6, STM32U545CEU6Q, STM32U545JEY6QTR, STM32U545NEY6QTR, STM32U545REI6, STM32U545REI6Q, STM32U545RET6, STM32U545RET6Q, STM32U545VEI6, STM32U545VEI6Q, STM32U545VET6, STM32U545VET6Q, STM32U595AIH6, STM32U595AIH6Q, STM32U595AJH6, STM32U595AJH6Q, STM32U595QII6, STM32U595QII6Q, STM32U595QJI6, STM32U595QJI6Q, STM32U595RIT6, STM32U595RIT6Q, STM32U595RJT6, STM32U595RJT6Q, STM32U595VIT6, STM32U595VIT6Q, STM32U595VJT6, STM32U595VJT6Q, STM32U595ZIT6, STM32U595ZIT6Q, STM32U595ZIY6QTR, STM32U595ZJT6, STM32U595ZJT6Q, STM32U595ZJY6QTR, STM32U599BJY6QTR, STM32U599NIH6Q, STM32U599NJH6Q, STM32U599VIT6Q, STM32U599VJT6, STM32U599VJT6Q, STM32U599ZIT6Q, STM32U599ZIY6QTR, STM32U599ZJT6Q, STM32U599ZJY6QTR, STM32U5A5AJH6, STM32U5A5AJH6Q, STM32U5A5QJI6, STM32U5A5QJI6Q, STM32U5A5RJT6, STM32U5A5RJT6Q, STM32U5A5VJT6, STM32U5A5VJT6Q, STM32U5A5ZJT6, STM32U5A5ZJT6Q, STM32U5A5ZJY6QTR, STM32U5A9BJY6QTR, STM32U5A9J-DK, STM32U5A9NJH6Q, STM32U5A9VJT6Q, STM32U5A9ZJT6Q, STM32U5A9ZJY6QTR, STM32WB1MMCH6, STM32WBA52CEU6, STM32WBA52CEU6T, STM32WBA52CGU6, STM32WBA52CGU6T, STM32WL5MOCH6, STM32WL5MOCH6TR]
2023-07-20 10:05:05,388 [INFO] DbMcus:216 - Found 3775 MCUs, 3775 are supported
2023-07-20 10:05:05,390 [INFO] ApiDb:423 - Load user favorites file /home/lucas/.stm32cubeide/favorites.mcus.txt: 0 item(s)
2023-07-20 10:05:05,390 [INFO] ApiDb:427 - User favorites MCUs=[]
2023-07-20 10:05:05,390 [INFO] DbMcus:222 - Set 0 / 0 favorites MCUs
2023-07-20 10:05:05,832 [WARN] ThirdParty:833 - waiting for thirdparty lock release [change project]
2023-07-20 10:05:05,832 [INFO] ThirdParty:835 - entering critical section [change project]
2023-07-20 10:05:05,832 [INFO] ThirdParty:1030 - CMSIS Pack Vendor :STMicroelectronics X-CUBE-ISPU 1.1.0
2023-07-20 10:05:05,832 [INFO] ThirdParty:1030 - CMSIS Pack Vendor :STMicroelectronics X-CUBE-GNSS1 6.0.0
2023-07-20 10:05:05,832 [INFO] ThirdParty:1030 - CMSIS Pack Vendor :STMicroelectronics USB_HOST 2.0.0
2023-07-20 10:05:05,832 [INFO] ThirdParty:1030 - CMSIS Pack Vendor :STMicroelectronics X-CUBE-AZRTOS-F4 1.1.0
2023-07-20 10:05:05,832 [INFO] ThirdParty:1030 - CMSIS Pack Vendor :STMicroelectronics LIBJPEG 8.0.0
2023-07-20 10:05:05,832 [INFO] ThirdParty:1030 - CMSIS Pack Vendor :STMicroelectronics X-CUBE-SMBUS 2.1.0
2023-07-20 10:05:05,832 [INFO] ThirdParty:1030 - CMSIS Pack Vendor :STMicroelectronics USB_DEVICE 3.0.0
2023-07-20 10:05:05,832 [INFO] ThirdParty:1030 - CMSIS Pack Vendor :STMicroelectronics X-CUBE-FREERTOS 1.0.1
2023-07-20 10:05:05,833 [INFO] ThirdParty:1030 - CMSIS Pack Vendor :STMicroelectronics X-CUBE-AZRTOS-F7 1.1.0
2023-07-20 10:05:05,833 [INFO] ThirdParty:1030 - CMSIS Pack Vendor :STMicroelectronics X-CUBE-TOUCHGFX 4.21.4
2023-07-20 10:05:05,833 [INFO] ThirdParty:1030 - CMSIS Pack Vendor :STMicroelectronics USB_DEVICE 2.0.0
2023-07-20 10:05:05,833 [INFO] ThirdParty:1030 - CMSIS Pack Vendor :STMicroelectronics FP-SNS-MOTENV1 4.3.2
2023-07-20 10:05:05,833 [INFO] ThirdParty:1030 - CMSIS Pack Vendor :STMicroelectronics FP-SNS-MOTENV1 4.3.1
2023-07-20 10:05:05,833 [INFO] ThirdParty:1030 - CMSIS Pack Vendor :STMicroelectronics X-CUBE-ALGOBUILD 1.3.0
2023-07-20 10:05:05,833 [INFO] ThirdParty:1030 - CMSIS Pack Vendor :STMicroelectronics X-CUBE-BLE1 6.2.4
2023-07-20 10:05:05,833 [INFO] ThirdParty:1030 - CMSIS Pack Vendor :STMicroelectronics X-CUBE-AZRTOS-L5 1.1.0
2023-07-20 10:05:05,833 [INFO] ThirdParty:1030 - CMSIS Pack Vendor :STMicroelectronics FreeRTOS 0.0.1
2023-07-20 10:05:05,833 [INFO] ThirdParty:1030 - CMSIS Pack Vendor :emotas I-CUBE-CANOPEN 1.1.3
2023-07-20 10:05:05,833 [INFO] ThirdParty:1030 - CMSIS Pack Vendor :STMicroelectronics X-CUBE-AZRTOS-G0 1.1.0
2023-07-20 10:05:05,833 [INFO] ThirdParty:1030 - CMSIS Pack Vendor :STMicroelectronics X-CUBE-BLEMGR 2.0.0
2023-07-20 10:05:05,833 [INFO] ThirdParty:1030 - CMSIS Pack Vendor :STMicroelectronics X-CUBE-SUBG2 5.0.0
2023-07-20 10:05:05,833 [INFO] ThirdParty:1030 - CMSIS Pack Vendor :STMicroelectronics X-CUBE-NFC4 3.0.0
2023-07-20 10:05:05,833 [INFO] ThirdParty:1030 - CMSIS Pack Vendor :STMicroelectronics STM32_WPAN 1.0.0
2023-07-20 10:05:05,833 [INFO] ThirdParty:1030 - CMSIS Pack Vendor :STMicroelectronics lwIP 2.0.3
2023-07-20 10:05:05,833 [INFO] ThirdParty:1030 - CMSIS Pack Vendor :STMicroelectronics USB_HOST 1.0.0
2023-07-20 10:05:05,833 [INFO] ThirdParty:1030 - CMSIS Pack Vendor :STMicroelectronics PDM2PCM 3.1.0
2023-07-20 10:05:05,833 [INFO] ThirdParty:1030 - CMSIS Pack Vendor :STMicroelectronics X-CUBE-AZRTOS-H7 3.1.0
2023-07-20 10:05:05,833 [INFO] ThirdParty:1030 - CMSIS Pack Vendor :STMicroelectronics X-CUBE-TOF1 3.3.0
2023-07-20 10:05:05,833 [INFO] ThirdParty:1030 - CMSIS Pack Vendor :STMicroelectronics PDM2PCM 3.3.0
2023-07-20 10:05:05,834 [INFO] ThirdParty:1030 - CMSIS Pack Vendor :STMicroelectronics X-CUBE-DISPLAY 3.0.0
2023-07-20 10:05:05,834 [INFO] ThirdParty:1030 - CMSIS Pack Vendor :STMicroelectronics FP-ATR-SIGFOX1 3.2.0
2023-07-20 10:05:05,834 [INFO] ThirdParty:1030 - CMSIS Pack Vendor :STMicroelectronics HAL Drivers 0.0.0
2023-07-20 10:05:05,834 [INFO] ThirdParty:1030 - CMSIS Pack Vendor :STMicroelectronics MBEDTLS 2.16.2
2023-07-20 10:05:05,834 [INFO] ThirdParty:1030 - CMSIS Pack Vendor :STMicroelectronics X-CUBE-TOUCHGFX 4.22.0
2023-07-20 10:05:05,834 [INFO] ThirdParty:1030 - CMSIS Pack Vendor :STMicroelectronics X-CUBE-NFC7 1.0.1
2023-07-20 10:05:05,834 [INFO] ThirdParty:1030 - CMSIS Pack Vendor :STMicroelectronics MBEDTLS 2.14.1
2023-07-20 10:05:05,834 [INFO] ThirdParty:1030 - CMSIS Pack Vendor :STMicroelectronics X-CUBE-NFC7 1.0.0
2023-07-20 10:05:05,834 [INFO] ThirdParty:1030 - CMSIS Pack Vendor :STMicroelectronics X-CUBE-EEPRMA1 4.1.0
2023-07-20 10:05:05,834 [INFO] ThirdParty:1030 - CMSIS Pack Vendor :portGmbH I-Cube-SoM-uGOAL 1.1.0
2023-07-20 10:05:05,834 [INFO] ThirdParty:1030 - CMSIS Pack Vendor :STMicroelectronics X-CUBE-ALS 1.0.1
2023-07-20 10:05:05,834 [INFO] ThirdParty:1030 - CMSIS Pack Vendor :STMicroelectronics ThreadX 1.0.0
2023-07-20 10:05:05,834 [INFO] ThirdParty:1030 - CMSIS Pack Vendor :STMicroelectronics X-CUBE-AZRTOS-WB 1.1.0
2023-07-20 10:05:05,834 [INFO] ThirdParty:1030 - CMSIS Pack Vendor :SEGGER I-CUBE-embOS 1.3.1
2023-07-20 10:05:05,834 [INFO] ThirdParty:1030 - CMSIS Pack Vendor :STMicroelectronics USB_DEVICE 1.0.0
2023-07-20 10:05:05,834 [INFO] ThirdParty:1030 - CMSIS Pack Vendor :STMicroelectronics ThreadX 0.0.2
2023-07-20 10:05:05,834 [INFO] ThirdParty:1030 - CMSIS Pack Vendor :WES I-CUBE-Cesium 1.3.0
2023-07-20 10:05:05,834 [INFO] ThirdParty:1030 - CMSIS Pack Vendor :STMicroelectronics FP-ATR-ASTRA1 2.0.0
2023-07-20 10:05:05,834 [INFO] ThirdParty:1030 - CMSIS Pack Vendor :STMicroelectronics lwIP 2.1.2
2023-07-20 10:05:05,834 [INFO] ThirdParty:1030 - CMSIS Pack Vendor :STMicroelectronics X-CUBE-SFXS2LP1 4.0.0
2023-07-20 10:05:05,834 [INFO] ThirdParty:1030 - CMSIS Pack Vendor :STMicroelectronics X-CUBE-BLE2 3.3.0
2023-07-20 10:05:05,835 [INFO] ThirdParty:1030 - CMSIS Pack Vendor :STMicroelectronics PDM2PCM 3.2.0
2023-07-20 10:05:05,835 [INFO] ThirdParty:841 - exiting critical section [change project]
2023-07-20 10:05:06,239 [INFO] PinOutPanel:1499 - setPackage(No Configuration,No Configuration)
2023-07-20 10:05:06,241 [INFO] PinOutPanel:1499 - setPackage(STM32L432KCUx,UFQFPN32)
2023-07-20 10:05:07,136 [INFO] UtilMem:75 - Before build in PCC Used Memory: 545345912 Bytes (650117120)
2023-07-20 10:05:08,367 [INFO] UtilMem:75 - After build in PCC Used Memory: 541925056 Bytes (650117120)
2023-07-20 10:05:08,399 [INFO] IPUIPlugin:80 - create IPUIPlugin
2023-07-20 10:05:08,400 [INFO] IPUIPlugin:80 - create IPUIPlugin
2023-07-20 10:05:08,400 [INFO] IPUIPlugin:80 - create IPUIPlugin
2023-07-20 10:05:08,400 [INFO] IPUIPlugin:80 - create IPUIPlugin
2023-07-20 10:05:08,400 [INFO] IPUIPlugin:80 - create IPUIPlugin
2023-07-20 10:05:08,401 [INFO] IPUIPlugin:80 - create IPUIPlugin
2023-07-20 10:05:08,401 [INFO] IPUIPlugin:80 - create IPUIPlugin
2023-07-20 10:05:08,401 [INFO] IPUIPlugin:80 - create IPUIPlugin
2023-07-20 10:05:08,401 [INFO] IPUIPlugin:80 - create IPUIPlugin
2023-07-20 10:05:08,401 [INFO] IPUIPlugin:80 - create IPUIPlugin
2023-07-20 10:05:08,401 [INFO] IPUIPlugin:80 - create IPUIPlugin
2023-07-20 10:05:08,401 [INFO] IPUIPlugin:80 - create IPUIPlugin
2023-07-20 10:05:08,402 [INFO] IPUIPlugin:80 - create IPUIPlugin
2023-07-20 10:05:08,402 [INFO] IPUIPlugin:80 - create IPUIPlugin
2023-07-20 10:05:08,402 [INFO] IPUIPlugin:80 - create IPUIPlugin
2023-07-20 10:05:08,402 [INFO] IPUIPlugin:80 - create IPUIPlugin
2023-07-20 10:05:08,403 [INFO] IPUIPlugin:80 - create IPUIPlugin
2023-07-20 10:05:08,403 [INFO] IPUIPlugin:80 - create IPUIPlugin
2023-07-20 10:05:08,403 [INFO] IPUIPlugin:80 - create IPUIPlugin
2023-07-20 10:05:08,403 [INFO] IPUIPlugin:80 - create IPUIPlugin
2023-07-20 10:05:08,404 [INFO] IPUIPlugin:80 - create IPUIPlugin
2023-07-20 10:05:08,404 [INFO] IPUIPlugin:80 - create IPUIPlugin
2023-07-20 10:05:08,404 [INFO] IPUIPlugin:80 - create IPUIPlugin
2023-07-20 10:05:08,405 [INFO] IPUIPlugin:80 - create IPUIPlugin
2023-07-20 10:05:08,405 [INFO] IPUIPlugin:80 - create IPUIPlugin
2023-07-20 10:05:08,405 [INFO] IPUIPlugin:80 - create IPUIPlugin
2023-07-20 10:05:08,405 [INFO] IPUIPlugin:80 - create IPUIPlugin
2023-07-20 10:05:08,406 [INFO] IPUIPlugin:80 - create IPUIPlugin
2023-07-20 10:05:08,406 [INFO] IPUIPlugin:80 - create IPUIPlugin
2023-07-20 10:05:08,406 [INFO] IPUIPlugin:80 - create IPUIPlugin
2023-07-20 10:05:08,407 [INFO] IPUIPlugin:80 - create IPUIPlugin
2023-07-20 10:05:08,407 [INFO] IPUIPlugin:80 - create IPUIPlugin
2023-07-20 10:05:08,407 [INFO] IPUIPlugin:80 - create IPUIPlugin
2023-07-20 10:05:08,408 [INFO] IPUIPlugin:80 - create IPUIPlugin
2023-07-20 10:05:08,408 [INFO] IPUIPlugin:80 - create IPUIPlugin
2023-07-20 10:05:08,408 [INFO] IPUIPlugin:80 - create IPUIPlugin
2023-07-20 10:05:08,408 [INFO] IPUIPlugin:80 - create IPUIPlugin
2023-07-20 10:05:08,409 [INFO] IPUIPlugin:80 - create IPUIPlugin
2023-07-20 10:05:08,409 [INFO] IPUIPlugin:80 - create IPUIPlugin
2023-07-20 10:05:08,409 [INFO] IPUIPlugin:80 - create IPUIPlugin
2023-07-20 10:05:08,410 [INFO] IPUIPlugin:80 - create IPUIPlugin
2023-07-20 10:05:08,701 [INFO] CADModel:165 - CPN selected for project levelSTM32L432KCU3
2023-07-20 10:05:08,702 [INFO] CADModel:114 - Register for checkConnection events
2023-07-20 10:05:08,753 [INFO] OpenFileManager:328 - Restore cursor
2023-07-20 10:12:36,131 [INFO] UtilMem:75 - End SaveConfig() Used Memory: 574028112 Bytes (707788800)
2023-07-20 10:12:40,127 [INFO] UtilMem:75 - End SaveConfig() Used Memory: 534539272 Bytes (707788800)
2023-07-20 10:12:43,302 [INFO] UtilMem:75 - End SaveConfig() Used Memory: 522327216 Bytes (707788800)
2023-07-20 10:12:43,754 [INFO] BlockDiagram:2759 - set Specific Code input for plugin: LPTIM
2023-07-20 10:12:43,754 [INFO] BlockDiagram:2759 - set Specific Code input for plugin: NVIC
2023-07-20 10:12:43,754 [INFO] BlockDiagram:2759 - set Specific Code input for plugin: USART
2023-07-20 10:12:43,754 [INFO] BlockDiagram:2759 - set Specific Code input for plugin: TIM1_8L4
2023-07-20 10:12:43,755 [INFO] BlockDiagram:2759 - set Specific Code input for plugin: SYS
2023-07-20 10:12:43,755 [INFO] BlockDiagram:2759 - set Specific Code input for plugin: GPIO
2023-07-20 10:12:43,755 [INFO] BlockDiagram:2759 - set Specific Code input for plugin: RCC
2023-07-20 10:12:43,756 [INFO] CodeGenerator:793 - code generatio: config db path: /home/lucas/st/stm32cubeide_1.12.1/plugins/com.st.stm32cube.common.mx_6.8.1.202304191431//db/
2023-07-20 10:12:44,326 [INFO] CodeEngine:255 - oldGeneratedFile, /home/lucas/Documents/stage/flatsat/Software/OBC_L432KC_Software/OBC_Software/MXTmpFiles/license.tmp_save
2023-07-20 10:12:44,856 [INFO] CodeEngine:279 - Generated code: /home/lucas/Documents/stage/flatsat/Software/OBC_L432KC_Software/OBC_Software/MXTmpFiles/license.tmp
2023-07-20 10:12:44,960 [INFO] CodeEngine:255 - oldGeneratedFile, /home/lucas/Documents/stage/flatsat/Software/OBC_L432KC_Software/OBC_Software/MXTmpFiles/gpio.tmp_save
2023-07-20 10:12:45,117 [INFO] CodeEngine:279 - Generated code: /home/lucas/Documents/stage/flatsat/Software/OBC_L432KC_Software/OBC_Software/MXTmpFiles/gpio.tmp
2023-07-20 10:12:45,347 [INFO] CodeEngine:255 - oldGeneratedFile, /home/lucas/Documents/stage/flatsat/Software/OBC_L432KC_Software/OBC_Software/Core/Src/stm32l4xx_it.c_save
2023-07-20 10:12:45,462 [INFO] CodeEngine:279 - Generated code: /home/lucas/Documents/stage/flatsat/Software/OBC_L432KC_Software/OBC_Software/Core/Src/stm32l4xx_it.c
2023-07-20 10:12:45,464 [INFO] CodeEngine:255 - oldGeneratedFile, /home/lucas/Documents/stage/flatsat/Software/OBC_L432KC_Software/OBC_Software/Core/Inc/stm32l4xx_it.h_save
2023-07-20 10:12:45,533 [INFO] CodeEngine:279 - Generated code: /home/lucas/Documents/stage/flatsat/Software/OBC_L432KC_Software/OBC_Software/Core/Inc/stm32l4xx_it.h
2023-07-20 10:12:45,537 [INFO] CodeEngine:255 - oldGeneratedFile, /home/lucas/Documents/stage/flatsat/Software/OBC_L432KC_Software/OBC_Software/Core/Src/stm32l4xx_hal_msp.c_save
2023-07-20 10:12:45,698 [INFO] CodeEngine:279 - Generated code: /home/lucas/Documents/stage/flatsat/Software/OBC_L432KC_Software/OBC_Software/Core/Src/stm32l4xx_hal_msp.c
2023-07-20 10:12:45,700 [INFO] CodeEngine:255 - oldGeneratedFile, /home/lucas/Documents/stage/flatsat/Software/OBC_L432KC_Software/OBC_Software/MXTmpFiles/system.tmp_save
2023-07-20 10:12:45,765 [INFO] CodeEngine:279 - Generated code: /home/lucas/Documents/stage/flatsat/Software/OBC_L432KC_Software/OBC_Software/MXTmpFiles/system.tmp
2023-07-20 10:12:45,768 [INFO] CodeEngine:311 - oldGeneratedFile, /home/lucas/Documents/stage/flatsat/Software/OBC_L432KC_Software/OBC_Software/Core/Inc/stm32l4xx_hal_conf.h_save
2023-07-20 10:12:45,854 [INFO] CodeEngine:335 - Generated code: /home/lucas/Documents/stage/flatsat/Software/OBC_L432KC_Software/OBC_Software/Core/Inc/stm32l4xx_hal_conf.h
2023-07-20 10:12:45,884 [WARN] IPConfigManager:3431 - IP not found : TIM
2023-07-20 10:12:45,885 [WARN] CodeGenerator:3754 - IP not found : null
2023-07-20 10:12:45,886 [INFO] CodeEngine:255 - oldGeneratedFile, /home/lucas/Documents/stage/flatsat/Software/OBC_L432KC_Software/OBC_Software/Core/Inc/main.h_save
2023-07-20 10:12:46,011 [INFO] CodeEngine:279 - Generated code: /home/lucas/Documents/stage/flatsat/Software/OBC_L432KC_Software/OBC_Software/Core/Inc/main.h
2023-07-20 10:12:46,013 [INFO] CodeEngine:255 - oldGeneratedFile, /home/lucas/Documents/stage/flatsat/Software/OBC_L432KC_Software/OBC_Software/Core/Src/main.c_save
2023-07-20 10:12:46,201 [INFO] CodeEngine:279 - Generated code: /home/lucas/Documents/stage/flatsat/Software/OBC_L432KC_Software/OBC_Software/Core/Src/main.c
2023-07-20 10:12:47,083 [INFO] ProjectBuilder:2996 - Time for Copy HAL[1] : 31mS.
2023-07-20 10:12:47,092 [INFO] ProjectBuilder:4304 - Project Generator version: 3.19.2
2023-07-20 10:12:47,545 [INFO] ConfigFileManager:1483 - The Die is : DIE435
2023-07-20 10:12:47,554 [INFO] ApiDbMcu:507 - Load IP Config File for FATFS
2023-07-20 10:12:47,558 [INFO] ApiDbMcu:507 - Load IP Config File for FREERTOS
2023-07-20 10:12:47,567 [INFO] ApiDbMcu:507 - Load IP Config File for TOUCHSENSING
2023-07-20 10:12:47,572 [INFO] ApiDbMcu:507 - Load IP Config File for USB_DEVICE
2023-07-20 10:12:48,576 [INFO] LogOutputStream:77 - [STDOUT_REDIRECT] 
2023-07-20 10:12:49,444 [INFO] ProjectBuilder:4505 - Time for Generating toolchain IDE Files: 2350mS.
2023-07-20 10:12:49,445 [INFO] ProjectBuilder:2867 - Time for Copy CMSIS : 0mS.
2023-07-20 10:12:49,446 [INFO] ProjectBuilder:2867 - Time for Copy CMSIS : 0mS.
2023-07-20 10:20:26,788 [INFO] UtilMem:75 - End SaveConfig() Used Memory: 824956552 Bytes (952107008)
2023-07-20 10:20:27,929 [INFO] UtilMem:75 - End SaveConfig() Used Memory: 574844296 Bytes (952107008)
2023-07-20 10:20:30,972 [INFO] UtilMem:75 - End SaveConfig() Used Memory: 689665416 Bytes (952107008)
2023-07-20 10:20:31,167 [INFO] BlockDiagram:2759 - set Specific Code input for plugin: LPTIM
2023-07-20 10:20:31,167 [INFO] BlockDiagram:2759 - set Specific Code input for plugin: NVIC
2023-07-20 10:20:31,167 [INFO] BlockDiagram:2759 - set Specific Code input for plugin: USART
2023-07-20 10:20:31,168 [INFO] BlockDiagram:2759 - set Specific Code input for plugin: TIM1_8L4
2023-07-20 10:20:31,168 [INFO] BlockDiagram:2759 - set Specific Code input for plugin: SYS
2023-07-20 10:20:31,168 [INFO] BlockDiagram:2759 - set Specific Code input for plugin: GPIO
2023-07-20 10:20:31,168 [INFO] BlockDiagram:2759 - set Specific Code input for plugin: RCC
2023-07-20 10:20:31,168 [INFO] CodeGenerator:793 - code generatio: config db path: /home/lucas/st/stm32cubeide_1.12.1/plugins/com.st.stm32cube.common.mx_6.8.1.202304191431//db/
2023-07-20 10:20:31,431 [INFO] CodeEngine:255 - oldGeneratedFile, /home/lucas/Documents/stage/flatsat/Software/OBC_L432KC_Software/OBC_Software/MXTmpFiles/license.tmp_save
2023-07-20 10:20:31,491 [INFO] CodeEngine:279 - Generated code: /home/lucas/Documents/stage/flatsat/Software/OBC_L432KC_Software/OBC_Software/MXTmpFiles/license.tmp
2023-07-20 10:20:31,512 [INFO] CodeEngine:255 - oldGeneratedFile, /home/lucas/Documents/stage/flatsat/Software/OBC_L432KC_Software/OBC_Software/MXTmpFiles/gpio.tmp_save
2023-07-20 10:20:31,571 [INFO] CodeEngine:279 - Generated code: /home/lucas/Documents/stage/flatsat/Software/OBC_L432KC_Software/OBC_Software/MXTmpFiles/gpio.tmp
2023-07-20 10:20:31,717 [INFO] CodeEngine:255 - oldGeneratedFile, /home/lucas/Documents/stage/flatsat/Software/OBC_L432KC_Software/OBC_Software/Core/Src/stm32l4xx_it.c_save
2023-07-20 10:20:31,780 [INFO] CodeEngine:279 - Generated code: /home/lucas/Documents/stage/flatsat/Software/OBC_L432KC_Software/OBC_Software/Core/Src/stm32l4xx_it.c
2023-07-20 10:20:31,782 [INFO] CodeEngine:255 - oldGeneratedFile, /home/lucas/Documents/stage/flatsat/Software/OBC_L432KC_Software/OBC_Software/Core/Inc/stm32l4xx_it.h_save
2023-07-20 10:20:31,837 [INFO] CodeEngine:279 - Generated code: /home/lucas/Documents/stage/flatsat/Software/OBC_L432KC_Software/OBC_Software/Core/Inc/stm32l4xx_it.h
2023-07-20 10:20:31,840 [INFO] CodeEngine:255 - oldGeneratedFile, /home/lucas/Documents/stage/flatsat/Software/OBC_L432KC_Software/OBC_Software/Core/Src/stm32l4xx_hal_msp.c_save
2023-07-20 10:20:32,014 [INFO] CodeEngine:279 - Generated code: /home/lucas/Documents/stage/flatsat/Software/OBC_L432KC_Software/OBC_Software/Core/Src/stm32l4xx_hal_msp.c
2023-07-20 10:20:32,016 [INFO] CodeEngine:255 - oldGeneratedFile, /home/lucas/Documents/stage/flatsat/Software/OBC_L432KC_Software/OBC_Software/MXTmpFiles/system.tmp_save
2023-07-20 10:20:32,097 [INFO] CodeEngine:279 - Generated code: /home/lucas/Documents/stage/flatsat/Software/OBC_L432KC_Software/OBC_Software/MXTmpFiles/system.tmp
2023-07-20 10:20:32,099 [INFO] CodeEngine:311 - oldGeneratedFile, /home/lucas/Documents/stage/flatsat/Software/OBC_L432KC_Software/OBC_Software/Core/Inc/stm32l4xx_hal_conf.h_save
2023-07-20 10:20:32,189 [INFO] CodeEngine:335 - Generated code: /home/lucas/Documents/stage/flatsat/Software/OBC_L432KC_Software/OBC_Software/Core/Inc/stm32l4xx_hal_conf.h
2023-07-20 10:20:32,211 [WARN] IPConfigManager:3431 - IP not found : TIM
2023-07-20 10:20:32,211 [WARN] CodeGenerator:3754 - IP not found : null
2023-07-20 10:20:32,213 [INFO] CodeEngine:255 - oldGeneratedFile, /home/lucas/Documents/stage/flatsat/Software/OBC_L432KC_Software/OBC_Software/Core/Inc/main.h_save
2023-07-20 10:20:32,283 [INFO] CodeEngine:279 - Generated code: /home/lucas/Documents/stage/flatsat/Software/OBC_L432KC_Software/OBC_Software/Core/Inc/main.h
2023-07-20 10:20:32,285 [INFO] CodeEngine:255 - oldGeneratedFile, /home/lucas/Documents/stage/flatsat/Software/OBC_L432KC_Software/OBC_Software/Core/Src/main.c_save
2023-07-20 10:20:32,384 [INFO] CodeEngine:279 - Generated code: /home/lucas/Documents/stage/flatsat/Software/OBC_L432KC_Software/OBC_Software/Core/Src/main.c
2023-07-20 10:20:32,908 [INFO] ProjectBuilder:2996 - Time for Copy HAL[1] : 27mS.
2023-07-20 10:20:32,909 [INFO] ProjectBuilder:4304 - Project Generator version: 3.19.2
2023-07-20 10:20:33,196 [INFO] ConfigFileManager:1483 - The Die is : DIE435
2023-07-20 10:20:34,581 [INFO] ProjectBuilder:4505 - Time for Generating toolchain IDE Files: 1671mS.
2023-07-20 10:20:34,581 [INFO] ProjectBuilder:2867 - Time for Copy CMSIS : 0mS.
2023-07-20 10:20:34,582 [INFO] ProjectBuilder:2867 - Time for Copy CMSIS : 0mS.
2023-07-20 14:21:51,072 [INFO] UtilMem:75 - End SaveConfig() Used Memory: 818667072 Bytes (988807168)
2023-07-20 14:21:52,524 [INFO] UtilMem:75 - End SaveConfig() Used Memory: 589172096 Bytes (988807168)
2023-07-20 14:21:55,212 [INFO] UtilMem:75 - End SaveConfig() Used Memory: 577821672 Bytes (988807168)
2023-07-20 14:21:55,458 [INFO] BlockDiagram:2759 - set Specific Code input for plugin: LPTIM
2023-07-20 14:21:55,458 [INFO] BlockDiagram:2759 - set Specific Code input for plugin: NVIC
2023-07-20 14:21:55,458 [INFO] BlockDiagram:2759 - set Specific Code input for plugin: USART
2023-07-20 14:21:55,459 [INFO] BlockDiagram:2759 - set Specific Code input for plugin: TIM1_8L4
2023-07-20 14:21:55,459 [INFO] BlockDiagram:2759 - set Specific Code input for plugin: SYS
2023-07-20 14:21:55,459 [INFO] BlockDiagram:2759 - set Specific Code input for plugin: GPIO
2023-07-20 14:21:55,459 [INFO] BlockDiagram:2759 - set Specific Code input for plugin: RCC
2023-07-20 14:21:55,459 [INFO] CodeGenerator:793 - code generatio: config db path: /home/lucas/st/stm32cubeide_1.12.1/plugins/com.st.stm32cube.common.mx_6.8.1.202304191431//db/
2023-07-20 14:21:55,821 [INFO] CodeEngine:255 - oldGeneratedFile, /home/lucas/Documents/stage/flatsat/Software/OBC_L432KC_Software/OBC_Software/MXTmpFiles/license.tmp_save
2023-07-20 14:21:55,941 [INFO] CodeEngine:279 - Generated code: /home/lucas/Documents/stage/flatsat/Software/OBC_L432KC_Software/OBC_Software/MXTmpFiles/license.tmp
2023-07-20 14:21:55,981 [INFO] CodeEngine:255 - oldGeneratedFile, /home/lucas/Documents/stage/flatsat/Software/OBC_L432KC_Software/OBC_Software/MXTmpFiles/gpio.tmp_save
2023-07-20 14:21:56,042 [INFO] CodeEngine:279 - Generated code: /home/lucas/Documents/stage/flatsat/Software/OBC_L432KC_Software/OBC_Software/MXTmpFiles/gpio.tmp
2023-07-20 14:21:56,297 [INFO] CodeEngine:255 - oldGeneratedFile, /home/lucas/Documents/stage/flatsat/Software/OBC_L432KC_Software/OBC_Software/Core/Src/stm32l4xx_it.c_save
2023-07-20 14:21:56,452 [INFO] CodeEngine:279 - Generated code: /home/lucas/Documents/stage/flatsat/Software/OBC_L432KC_Software/OBC_Software/Core/Src/stm32l4xx_it.c
2023-07-20 14:21:56,454 [INFO] CodeEngine:255 - oldGeneratedFile, /home/lucas/Documents/stage/flatsat/Software/OBC_L432KC_Software/OBC_Software/Core/Inc/stm32l4xx_it.h_save
2023-07-20 14:21:56,517 [INFO] CodeEngine:279 - Generated code: /home/lucas/Documents/stage/flatsat/Software/OBC_L432KC_Software/OBC_Software/Core/Inc/stm32l4xx_it.h
2023-07-20 14:21:56,556 [INFO] CodeEngine:255 - oldGeneratedFile, /home/lucas/Documents/stage/flatsat/Software/OBC_L432KC_Software/OBC_Software/Core/Src/stm32l4xx_hal_msp.c_save
2023-07-20 14:21:56,649 [INFO] CodeEngine:279 - Generated code: /home/lucas/Documents/stage/flatsat/Software/OBC_L432KC_Software/OBC_Software/Core/Src/stm32l4xx_hal_msp.c
2023-07-20 14:21:56,668 [INFO] CodeEngine:255 - oldGeneratedFile, /home/lucas/Documents/stage/flatsat/Software/OBC_L432KC_Software/OBC_Software/MXTmpFiles/system.tmp_save
2023-07-20 14:21:56,713 [INFO] CodeEngine:279 - Generated code: /home/lucas/Documents/stage/flatsat/Software/OBC_L432KC_Software/OBC_Software/MXTmpFiles/system.tmp
2023-07-20 14:21:56,715 [INFO] CodeEngine:311 - oldGeneratedFile, /home/lucas/Documents/stage/flatsat/Software/OBC_L432KC_Software/OBC_Software/Core/Inc/stm32l4xx_hal_conf.h_save
2023-07-20 14:21:56,772 [INFO] CodeEngine:335 - Generated code: /home/lucas/Documents/stage/flatsat/Software/OBC_L432KC_Software/OBC_Software/Core/Inc/stm32l4xx_hal_conf.h
2023-07-20 14:21:56,784 [WARN] IPConfigManager:3431 - IP not found : TIM
2023-07-20 14:21:56,784 [WARN] CodeGenerator:3754 - IP not found : null
2023-07-20 14:21:56,792 [INFO] CodeEngine:255 - oldGeneratedFile, /home/lucas/Documents/stage/flatsat/Software/OBC_L432KC_Software/OBC_Software/Core/Inc/main.h_save
2023-07-20 14:21:56,882 [INFO] CodeEngine:279 - Generated code: /home/lucas/Documents/stage/flatsat/Software/OBC_L432KC_Software/OBC_Software/Core/Inc/main.h
2023-07-20 14:21:56,895 [INFO] CodeEngine:255 - oldGeneratedFile, /home/lucas/Documents/stage/flatsat/Software/OBC_L432KC_Software/OBC_Software/Core/Src/main.c_save
2023-07-20 14:21:56,969 [INFO] CodeEngine:279 - Generated code: /home/lucas/Documents/stage/flatsat/Software/OBC_L432KC_Software/OBC_Software/Core/Src/main.c
2023-07-20 14:21:57,847 [INFO] ProjectBuilder:2996 - Time for Copy HAL[1] : 449mS.
2023-07-20 14:21:57,848 [INFO] ProjectBuilder:4304 - Project Generator version: 3.19.2
2023-07-20 14:21:58,259 [INFO] ConfigFileManager:1483 - The Die is : DIE435
2023-07-20 14:21:59,436 [INFO] ProjectBuilder:4505 - Time for Generating toolchain IDE Files: 1588mS.
2023-07-20 14:21:59,436 [INFO] ProjectBuilder:2867 - Time for Copy CMSIS : 0mS.
2023-07-20 14:21:59,438 [INFO] ProjectBuilder:2867 - Time for Copy CMSIS : 0mS.
